{"_message":"users validation failed","errors":{"phone":{"kind":"Number","message":"Cast to Number failed for value \"11 5563 3083\" (type string) at path \"phone\"","name":"CastError","path":"phone","reason":{"actual":false,"code":"ERR_ASSERTION","expected":true,"generatedMessage":true,"operator":"=="},"stringValue":"\"11 5563 3083\"","value":"11 5563 3083","valueType":"string"}},"level":"error","message":"Error:  users validation failed: phone: Cast to Number failed for value \"11 5563 3083\" (type string) at path \"phone\"","stack":"ValidationError: users validation failed: phone: Cast to Number failed for value \"11 5563 3083\" (type string) at path \"phone\"\n    at model.Document.invalidate (C:\\Users\\tecnopolis x14\\Desktop\\Matias Scavarelli\\Mati\\Desarrollo web\\Backend\\FinalProyect\\node_modules\\mongoose\\lib\\document.js:2948:32)\n    at model.$set (C:\\Users\\tecnopolis x14\\Desktop\\Matias Scavarelli\\Mati\\Desarrollo web\\Backend\\FinalProyect\\node_modules\\mongoose\\lib\\document.js:1448:12)\n    at model.$set (C:\\Users\\tecnopolis x14\\Desktop\\Matias Scavarelli\\Mati\\Desarrollo web\\Backend\\FinalProyect\\node_modules\\mongoose\\lib\\document.js:1141:16)\n    at model.Document (C:\\Users\\tecnopolis x14\\Desktop\\Matias Scavarelli\\Mati\\Desarrollo web\\Backend\\FinalProyect\\node_modules\\mongoose\\lib\\document.js:161:12)\n    at model.Model (C:\\Users\\tecnopolis x14\\Desktop\\Matias Scavarelli\\Mati\\Desarrollo web\\Backend\\FinalProyect\\node_modules\\mongoose\\lib\\model.js:114:12)\n    at new model (C:\\Users\\tecnopolis x14\\Desktop\\Matias Scavarelli\\Mati\\Desarrollo web\\Backend\\FinalProyect\\node_modules\\mongoose\\lib\\model.js:4831:15)\n    at UserDaoMongo.model [as collection] (C:\\Users\\tecnopolis x14\\Desktop\\Matias Scavarelli\\Mati\\Desarrollo web\\Backend\\FinalProyect\\node_modules\\mongoose\\lib\\model.js:4826:16)\n    at UserDaoMongo.createUser (file:///C:/Users/tecnopolis%20x14/Desktop/Matias%20Scavarelli/Mati/Desarrollo%20web/Backend/FinalProyect/src/containers/MongoContainer.js:184:35)\n    at Strategy.signupPassportUser [as _verify] (file:///C:/Users/tecnopolis%20x14/Desktop/Matias%20Scavarelli/Mati/Desarrollo%20web/Backend/FinalProyect/src/controllers/user.js:137:33)\n    at processTicksAndRejections (internal/process/task_queues.js:97:5)"}
{"_message":"users validation failed","errors":{"phone":{"kind":"Number","message":"Cast to Number failed for value \"11 5563 3083\" (type string) at path \"phone\"","name":"CastError","path":"phone","reason":{"actual":false,"code":"ERR_ASSERTION","expected":true,"generatedMessage":true,"operator":"=="},"stringValue":"\"11 5563 3083\"","value":"11 5563 3083","valueType":"string"}},"level":"error","message":"Error:  users validation failed: phone: Cast to Number failed for value \"11 5563 3083\" (type string) at path \"phone\"","stack":"ValidationError: users validation failed: phone: Cast to Number failed for value \"11 5563 3083\" (type string) at path \"phone\"\n    at model.Document.invalidate (C:\\Users\\tecnopolis x14\\Desktop\\Matias Scavarelli\\Mati\\Desarrollo web\\Backend\\FinalProyect\\node_modules\\mongoose\\lib\\document.js:2948:32)\n    at model.$set (C:\\Users\\tecnopolis x14\\Desktop\\Matias Scavarelli\\Mati\\Desarrollo web\\Backend\\FinalProyect\\node_modules\\mongoose\\lib\\document.js:1448:12)\n    at model.$set (C:\\Users\\tecnopolis x14\\Desktop\\Matias Scavarelli\\Mati\\Desarrollo web\\Backend\\FinalProyect\\node_modules\\mongoose\\lib\\document.js:1141:16)\n    at model.Document (C:\\Users\\tecnopolis x14\\Desktop\\Matias Scavarelli\\Mati\\Desarrollo web\\Backend\\FinalProyect\\node_modules\\mongoose\\lib\\document.js:161:12)\n    at model.Model (C:\\Users\\tecnopolis x14\\Desktop\\Matias Scavarelli\\Mati\\Desarrollo web\\Backend\\FinalProyect\\node_modules\\mongoose\\lib\\model.js:114:12)\n    at new model (C:\\Users\\tecnopolis x14\\Desktop\\Matias Scavarelli\\Mati\\Desarrollo web\\Backend\\FinalProyect\\node_modules\\mongoose\\lib\\model.js:4831:15)\n    at UserDaoMongo.model [as collection] (C:\\Users\\tecnopolis x14\\Desktop\\Matias Scavarelli\\Mati\\Desarrollo web\\Backend\\FinalProyect\\node_modules\\mongoose\\lib\\model.js:4826:16)\n    at UserDaoMongo.createUser (file:///C:/Users/tecnopolis%20x14/Desktop/Matias%20Scavarelli/Mati/Desarrollo%20web/Backend/FinalProyect/src/containers/MongoContainer.js:184:35)\n    at Strategy.signupPassportUser [as _verify] (file:///C:/Users/tecnopolis%20x14/Desktop/Matias%20Scavarelli/Mati/Desarrollo%20web/Backend/FinalProyect/src/controllers/user.js:137:33)\n    at processTicksAndRejections (internal/process/task_queues.js:97:5)"}
{"_message":"users validation failed","errors":{"phone":{"kind":"Number","message":"Cast to Number failed for value \"11 5563 3083\" (type string) at path \"phone\"","name":"CastError","path":"phone","reason":{"actual":false,"code":"ERR_ASSERTION","expected":true,"generatedMessage":true,"operator":"=="},"stringValue":"\"11 5563 3083\"","value":"11 5563 3083","valueType":"string"}},"level":"error","message":"Error:  users validation failed: phone: Cast to Number failed for value \"11 5563 3083\" (type string) at path \"phone\"","stack":"ValidationError: users validation failed: phone: Cast to Number failed for value \"11 5563 3083\" (type string) at path \"phone\"\n    at model.Document.invalidate (C:\\Users\\tecnopolis x14\\Desktop\\Matias Scavarelli\\Mati\\Desarrollo web\\Backend\\FinalProyect\\node_modules\\mongoose\\lib\\document.js:2948:32)\n    at model.$set (C:\\Users\\tecnopolis x14\\Desktop\\Matias Scavarelli\\Mati\\Desarrollo web\\Backend\\FinalProyect\\node_modules\\mongoose\\lib\\document.js:1448:12)\n    at model.$set (C:\\Users\\tecnopolis x14\\Desktop\\Matias Scavarelli\\Mati\\Desarrollo web\\Backend\\FinalProyect\\node_modules\\mongoose\\lib\\document.js:1141:16)\n    at model.Document (C:\\Users\\tecnopolis x14\\Desktop\\Matias Scavarelli\\Mati\\Desarrollo web\\Backend\\FinalProyect\\node_modules\\mongoose\\lib\\document.js:161:12)\n    at model.Model (C:\\Users\\tecnopolis x14\\Desktop\\Matias Scavarelli\\Mati\\Desarrollo web\\Backend\\FinalProyect\\node_modules\\mongoose\\lib\\model.js:114:12)\n    at new model (C:\\Users\\tecnopolis x14\\Desktop\\Matias Scavarelli\\Mati\\Desarrollo web\\Backend\\FinalProyect\\node_modules\\mongoose\\lib\\model.js:4831:15)\n    at UserDaoMongo.model [as collection] (C:\\Users\\tecnopolis x14\\Desktop\\Matias Scavarelli\\Mati\\Desarrollo web\\Backend\\FinalProyect\\node_modules\\mongoose\\lib\\model.js:4826:16)\n    at UserDaoMongo.createUser (file:///C:/Users/tecnopolis%20x14/Desktop/Matias%20Scavarelli/Mati/Desarrollo%20web/Backend/FinalProyect/src/containers/MongoContainer.js:184:35)\n    at Strategy.signupPassportUser [as _verify] (file:///C:/Users/tecnopolis%20x14/Desktop/Matias%20Scavarelli/Mati/Desarrollo%20web/Backend/FinalProyect/src/controllers/user.js:137:33)\n    at processTicksAndRejections (internal/process/task_queues.js:97:5)"}
{"level":"error","message":"Error: Argument passed in does not match the accepted types","stack":"BSONTypeError: Argument passed in does not match the accepted types\n    at new BSONTypeError (C:\\Users\\tecnopolis x14\\Desktop\\Matias Scavarelli\\Mati\\Desarrollo web\\Backend\\FinalProyect\\node_modules\\bson\\lib\\error.js:41:28)\n    at new ObjectId (C:\\Users\\tecnopolis x14\\Desktop\\Matias Scavarelli\\Mati\\Desarrollo web\\Backend\\FinalProyect\\node_modules\\bson\\lib\\objectid.js:69:19)\n    at UserDaoMongo.getById (file:///C:/Users/tecnopolis%20x14/Desktop/Matias%20Scavarelli/Mati/Desarrollo%20web/Backend/FinalProyect/src/containers/MongoContainer.js:38:21)\n    at file:///C:/Users/tecnopolis%20x14/Desktop/Matias%20Scavarelli/Mati/Desarrollo%20web/Backend/FinalProyect/src/router/routeUser.js:32:35\n    at pass (C:\\Users\\tecnopolis x14\\Desktop\\Matias Scavarelli\\Mati\\Desarrollo web\\Backend\\FinalProyect\\node_modules\\passport\\lib\\authenticator.js:354:9)\n    at Authenticator.deserializeUser (C:\\Users\\tecnopolis x14\\Desktop\\Matias Scavarelli\\Mati\\Desarrollo web\\Backend\\FinalProyect\\node_modules\\passport\\lib\\authenticator.js:359:5)\n    at SessionStrategy.authenticate (C:\\Users\\tecnopolis x14\\Desktop\\Matias Scavarelli\\Mati\\Desarrollo web\\Backend\\FinalProyect\\node_modules\\passport\\lib\\strategies\\session.js:61:10)\n    at attempt (C:\\Users\\tecnopolis x14\\Desktop\\Matias Scavarelli\\Mati\\Desarrollo web\\Backend\\FinalProyect\\node_modules\\passport\\lib\\middleware\\authenticate.js:369:16)\n    at authenticate (C:\\Users\\tecnopolis x14\\Desktop\\Matias Scavarelli\\Mati\\Desarrollo web\\Backend\\FinalProyect\\node_modules\\passport\\lib\\middleware\\authenticate.js:370:7)\n    at Layer.handle [as handle_request] (C:\\Users\\tecnopolis x14\\Desktop\\Matias Scavarelli\\Mati\\Desarrollo web\\Backend\\FinalProyect\\node_modules\\express\\lib\\router\\layer.js:95:5)"}
{"level":"error","message":"Error: MongooseError: Operation `users.findOne()` buffering timed out after 10000ms"}
{"level":"error","message":"Error: MongooseError: Operation `users.findOne()` buffering timed out after 10000ms"}
{"level":"error","message":"Error: MongooseError: Operation `users.findOne()` buffering timed out after 10000ms"}
{"code":"ETIMEOUT","hostname":"_mongodb._tcp.proyectocoderhouse.uay7u.mongodb.net","level":"error","message":"Error: querySrv ETIMEOUT _mongodb._tcp.proyectocoderhouse.uay7u.mongodb.net","stack":"Error: querySrv ETIMEOUT _mongodb._tcp.proyectocoderhouse.uay7u.mongodb.net\n    at QueryReqWrap.onresolve [as oncomplete] (dns.js:203:19)","syscall":"querySrv"}
{"level":"error","message":"Error: MongooseError: Operation `users.findOne()` buffering timed out after 10000ms"}
{"level":"error","message":"Error:  fecha is not defined","stack":"ReferenceError: fecha is not defined\n    at UserDaoMongo.addCartToUser (file:///C:/Users/tecnopolis%20x14/Desktop/Matias%20Scavarelli/Mati/Desarrollo%20web/Backend/FinalProyect/src/containers/MongoContainer.js:125:40)\n    at createCart (file:///C:/Users/tecnopolis%20x14/Desktop/Matias%20Scavarelli/Mati/Desarrollo%20web/Backend/FinalProyect/src/controllers/cart.js:31:22)\n    at processTicksAndRejections (internal/process/task_queues.js:97:5)"}
{"_message":"products validation failed","errors":{"category":{"kind":"required","message":"Path `category` is required.","name":"ValidatorError","path":"category","properties":{"message":"Path `category` is required.","path":"category","type":"required"}},"description":{"kind":"required","message":"Path `description` is required.","name":"ValidatorError","path":"description","properties":{"message":"Path `description` is required.","path":"description","type":"required"}},"photo":{"kind":"required","message":"Path `photo` is required.","name":"ValidatorError","path":"photo","properties":{"message":"Path `photo` is required.","path":"photo","type":"required"}},"price":{"kind":"required","message":"Path `price` is required.","name":"ValidatorError","path":"price","properties":{"message":"Path `price` is required.","path":"price","type":"required"}},"stock":{"kind":"required","message":"Path `stock` is required.","name":"ValidatorError","path":"stock","properties":{"message":"Path `stock` is required.","path":"stock","type":"required"}},"title":{"kind":"required","message":"Path `title` is required.","name":"ValidatorError","path":"title","properties":{"message":"Path `title` is required.","path":"title","type":"required"}}},"level":"error","message":"products validation failed: category: Path `category` is required., photo: Path `photo` is required., stock: Path `stock` is required., price: Path `price` is required., description: Path `description` is required., title: Path `title` is required.","name":"ValidationError"}
{"_message":"products validation failed","errors":{"category":{"kind":"required","message":"Path `category` is required.","name":"ValidatorError","path":"category","properties":{"message":"Path `category` is required.","path":"category","type":"required"}},"description":{"kind":"required","message":"Path `description` is required.","name":"ValidatorError","path":"description","properties":{"message":"Path `description` is required.","path":"description","type":"required"}},"photo":{"kind":"required","message":"Path `photo` is required.","name":"ValidatorError","path":"photo","properties":{"message":"Path `photo` is required.","path":"photo","type":"required"}},"price":{"kind":"required","message":"Path `price` is required.","name":"ValidatorError","path":"price","properties":{"message":"Path `price` is required.","path":"price","type":"required"}},"stock":{"kind":"required","message":"Path `stock` is required.","name":"ValidatorError","path":"stock","properties":{"message":"Path `stock` is required.","path":"stock","type":"required"}},"title":{"kind":"required","message":"Path `title` is required.","name":"ValidatorError","path":"title","properties":{"message":"Path `title` is required.","path":"title","type":"required"}}},"level":"error","message":"products validation failed: category: Path `category` is required., photo: Path `photo` is required., stock: Path `stock` is required., price: Path `price` is required., description: Path `description` is required., title: Path `title` is required.","name":"ValidationError"}
{"level":"warn","message":"deleteById: ","response":{"acknowledged":true,"deletedCount":1}}
{"data":{"category":"taclados  ","description":"Innovadores en diseño y tecnología, Logitech se encarga de brindar la mejor experiencia de uso para sus usuarios. Sus teclados resaltan por ser resistentes y muy de buena calidad, por lo que podrás disfrutarlos por un largo tiempo.  ","id":"623a1651d7eb5cebf903399c","photo":"https://http2.mlstatic.com/D_NQ_NP_758918-MLA46869090083_072021-O.webp  ","price":4399,"stock":27,"timestamp":"22/3/2022 16:08:22","title":"Teclado bluetooth Logitech K380 QWERTY español color negro  "},"level":"warn","message":"Se modifico el producto"}
{"level":"error","message":"Error:  fecha is not defined","stack":"ReferenceError: fecha is not defined\n    at CartDaoMongo.deleteItem (file:///C:/Users/tecnopolis%20x14/Desktop/Matias%20Scavarelli/Mati/Desarrollo%20web/Backend/FinalProyect/src/containers/MongoContainer.js:200:70)\n    at removeCartProduct (file:///C:/Users/tecnopolis%20x14/Desktop/Matias%20Scavarelli/Mati/Desarrollo%20web/Backend/FinalProyect/src/controllers/cart.js:134:41)\n    at processTicksAndRejections (internal/process/task_queues.js:97:5)"}
{"level":"warn","message":"Se ha eliminado el producto ID 623a1651d7eb5cebf903399c del carrito ID 623b1dc0679d34364fe862c2"}
{"level":"warn","message":"Se ha eliminado el producto ID 623a1651d7eb5cebf903399c del carrito ID 623b1dc0679d34364fe862c2"}
{"level":"warn","message":"Se ha eliminado el producto ID 623a1651d7eb5cebf903399c del carrito ID 623b1dc0679d34364fe862c2"}
{"level":"warn","message":"Se ha eliminado el producto ID 623a1651d7eb5cebf903399c del carrito ID 623b1dc0679d34364fe862c2"}
{"level":"warn","message":"Se ha eliminado el producto ID 623a1651d7eb5cebf903399c del carrito ID 623b1dc0679d34364fe862c2"}
{"level":"warn","message":"Se ha eliminado el producto ID 623a1651d7eb5cebf903399c del carrito ID 623b1dc0679d34364fe862c2"}
{"level":"warn","message":"Se ha eliminado el producto ID 623a1651d7eb5cebf903399c del carrito ID 623b1dc0679d34364fe862c2"}
{"level":"warn","message":"Se ha eliminado el producto ID 623a1651d7eb5cebf903399c del carrito ID 623b1dc0679d34364fe862c2"}
{"level":"warn","message":"Se ha eliminado el producto ID 623a1651d7eb5cebf903399c del carrito ID 623b1dc0679d34364fe862c2"}
{"level":"warn","message":"Se ha eliminado el producto ID 623a1651d7eb5cebf903399c del carrito ID 623b1dc0679d34364fe862c2"}
{"level":"warn","message":"Se ha eliminado el producto ID 623a1651d7eb5cebf903399c del carrito ID 623b1dc0679d34364fe862c2"}
{"level":"warn","message":"Se ha eliminado el producto ID 623a1651d7eb5cebf903399c del carrito ID 623b1dc0679d34364fe862c2"}
{"level":"warn","message":"Se ha eliminado el producto ID 623a1651d7eb5cebf903399c del carrito ID 623b1e5a163a97a3eb4fd4c1"}
{"level":"warn","message":"Se ha eliminado el producto ID 623b18e0a89d62c731566901 del carrito ID 623b1e5a163a97a3eb4fd4c1"}
{"level":"warn","message":"Se ha eliminado el producto ID 623b18e0a89d62c731566901 del carrito ID 623b1e5a163a97a3eb4fd4c1"}
{"level":"warn","message":"Se ha eliminado el producto ID 623b18e0a89d62c731566901 del carrito ID 623b1e5a163a97a3eb4fd4c1"}
{"level":"warn","message":"Se ha eliminado el producto ID 623b18e0a89d62c731566901 del carrito ID 623b1e5a163a97a3eb4fd4c1"}
{"level":"warn","message":"Se ha eliminado el producto ID 623b18e0a89d62c731566901 del carrito ID 623b1e5a163a97a3eb4fd4c1"}
{"level":"warn","message":"Se ha eliminado el producto ID 623b18e0a89d62c731566901 del carrito ID 623b1e5a163a97a3eb4fd4c1"}
{"level":"warn","message":"Se ha eliminado el producto ID 623a1651d7eb5cebf903399c del carrito ID 623b1e5a163a97a3eb4fd4c1"}
{"level":"warn","message":"Se ha eliminado el producto ID 623a1651d7eb5cebf903399c del carrito ID 623b1e5a163a97a3eb4fd4c1"}
{"level":"warn","message":"Se ha eliminado el producto ID 623a1651d7eb5cebf903399c del carrito ID 623b1e5a163a97a3eb4fd4c1"}
{"level":"warn","message":"Se ha eliminado el producto ID 623a1651d7eb5cebf903399c del carrito ID 623b1e5a163a97a3eb4fd4c1"}
{"level":"warn","message":"Se ha eliminado el producto ID 623a1651d7eb5cebf903399c del carrito ID 623b1e5a163a97a3eb4fd4c1"}
{"level":"warn","message":"Se ha eliminado el producto ID 623a1651d7eb5cebf903399c del carrito ID 623b1e5a163a97a3eb4fd4c1"}
{"level":"warn","message":"Se ha eliminado el producto ID 623b18e0a89d62c731566901 del carrito ID 623b1e5a163a97a3eb4fd4c1"}
{"level":"warn","message":"Se ha eliminado el producto ID 623a1651d7eb5cebf903399c del carrito ID 623b1e5a163a97a3eb4fd4c1"}
{"level":"warn","message":"Se ha eliminado el producto ID 623a1651d7eb5cebf903399c del carrito ID 623b1e5a163a97a3eb4fd4c1"}
{"level":"warn","message":"Se ha eliminado el producto ID 623a1651d7eb5cebf903399c del carrito ID 623b1e5a163a97a3eb4fd4c1"}
{"level":"warn","message":"Se ha eliminado el producto ID 623b18e0a89d62c731566901 del carrito ID 623b1e5a163a97a3eb4fd4c1"}
{"level":"warn","message":"Se ha eliminado el producto ID 623b18e0a89d62c731566901 del carrito ID 623b1e5a163a97a3eb4fd4c1"}
{"level":"warn","message":"Se ha eliminado el producto ID 623b18e0a89d62c731566901 del carrito ID 623b1e5a163a97a3eb4fd4c1"}
{"level":"warn","message":"Se ha eliminado el producto ID 623a1651d7eb5cebf903399c del carrito ID 623b1e5a163a97a3eb4fd4c1"}
{"level":"warn","message":"Se ha eliminado el producto ID 623a1651d7eb5cebf903399c del carrito ID 623b1e5a163a97a3eb4fd4c1"}
{"level":"warn","message":"Se ha eliminado el producto ID 623b18e0a89d62c731566901 del carrito ID 623b397ae58c7390c1ce6e08"}
{"level":"warn","message":"Se ha eliminado el producto ID 623a1651d7eb5cebf903399c del carrito ID 623b37d4a01c3bd9d43aa576"}
{"level":"warn","message":"Se ha eliminado el producto ID 623a1651d7eb5cebf903399c del carrito ID 623b381bd877ffcf7b1566e8"}
{"level":"warn","message":"Se ha eliminado el producto ID 623a1651d7eb5cebf903399c del carrito ID 623b38a17d92fd5c99918e8f"}
{"level":"warn","message":"Se ha eliminado el producto ID 623a1651d7eb5cebf903399c del carrito ID 623b38fda16fca6c5b1f07b5"}
{"level":"warn","message":"Se ha eliminado el producto ID 623a1651d7eb5cebf903399c del carrito ID 623b3924063ce7a7e51309ac"}
{"level":"error","message":"Error:  this.collection.findAndModify is not a function","stack":"TypeError: this.collection.findAndModify is not a function\n    at CartDaoMongo.deleteItem (file:///C:/Users/tecnopolis%20x14/Desktop/Matias%20Scavarelli/Mati/Desarrollo%20web/Backend/FinalProyect/src/containers/MongoContainer.js:208:31)\n    at processTicksAndRejections (internal/process/task_queues.js:97:5)\n    at async removeCartProduct (file:///C:/Users/tecnopolis%20x14/Desktop/Matias%20Scavarelli/Mati/Desarrollo%20web/Backend/FinalProyect/src/controllers/cart.js:138:26)"}
{"level":"error","message":"Error:  this.collection.findAndModify is not a function","stack":"TypeError: this.collection.findAndModify is not a function\n    at CartDaoMongo.deleteItem (file:///C:/Users/tecnopolis%20x14/Desktop/Matias%20Scavarelli/Mati/Desarrollo%20web/Backend/FinalProyect/src/containers/MongoContainer.js:208:31)\n    at processTicksAndRejections (internal/process/task_queues.js:97:5)\n    at async removeCartProduct (file:///C:/Users/tecnopolis%20x14/Desktop/Matias%20Scavarelli/Mati/Desarrollo%20web/Backend/FinalProyect/src/controllers/cart.js:138:26)"}
{"level":"error","message":"Error:  this.collection.findAndModify is not a function","stack":"TypeError: this.collection.findAndModify is not a function\n    at CartDaoMongo.deleteItem (file:///C:/Users/tecnopolis%20x14/Desktop/Matias%20Scavarelli/Mati/Desarrollo%20web/Backend/FinalProyect/src/containers/MongoContainer.js:208:31)\n    at processTicksAndRejections (internal/process/task_queues.js:97:5)\n    at async removeCartProduct (file:///C:/Users/tecnopolis%20x14/Desktop/Matias%20Scavarelli/Mati/Desarrollo%20web/Backend/FinalProyect/src/controllers/cart.js:138:26)"}
{"level":"error","message":"Error:  this.collection.findAndModify is not a function","stack":"TypeError: this.collection.findAndModify is not a function\n    at CartDaoMongo.deleteItem (file:///C:/Users/tecnopolis%20x14/Desktop/Matias%20Scavarelli/Mati/Desarrollo%20web/Backend/FinalProyect/src/containers/MongoContainer.js:208:31)\n    at processTicksAndRejections (internal/process/task_queues.js:97:5)\n    at async removeCartProduct (file:///C:/Users/tecnopolis%20x14/Desktop/Matias%20Scavarelli/Mati/Desarrollo%20web/Backend/FinalProyect/src/controllers/cart.js:138:26)"}
{"level":"warn","message":"Se ha eliminado el producto ID 623b191fa89d62c731566908 del carrito ID 623b3929063ce7a7e51309b2"}
{"level":"warn","message":"Se ha eliminado el producto ID 623a1651d7eb5cebf903399c del carrito ID 623b3c26a0427227d5c43406"}
{"level":"error","message":"Error:  products is not defined","stack":"ReferenceError: products is not defined\n    at CartDaoMongo.deleteItem (file:///C:/Users/tecnopolis%20x14/Desktop/Matias%20Scavarelli/Mati/Desarrollo%20web/Backend/FinalProyect/src/containers/MongoContainer.js:208:78)\n    at processTicksAndRejections (internal/process/task_queues.js:97:5)\n    at async removeCartProduct (file:///C:/Users/tecnopolis%20x14/Desktop/Matias%20Scavarelli/Mati/Desarrollo%20web/Backend/FinalProyect/src/controllers/cart.js:138:26)"}
{"level":"error","message":"Error:  products is not defined","stack":"ReferenceError: products is not defined\n    at CartDaoMongo.deleteItem (file:///C:/Users/tecnopolis%20x14/Desktop/Matias%20Scavarelli/Mati/Desarrollo%20web/Backend/FinalProyect/src/containers/MongoContainer.js:208:78)\n    at processTicksAndRejections (internal/process/task_queues.js:97:5)\n    at async removeCartProduct (file:///C:/Users/tecnopolis%20x14/Desktop/Matias%20Scavarelli/Mati/Desarrollo%20web/Backend/FinalProyect/src/controllers/cart.js:138:26)"}
{"level":"warn","message":"Se ha eliminado el producto ID 623a1651d7eb5cebf903399c del carrito ID 623b3c26a0427227d5c43406"}
{"level":"error","message":"Error:  id is not defined","stack":"ReferenceError: id is not defined\n    at CartDaoMongo.deleteItem (file:///C:/Users/tecnopolis%20x14/Desktop/Matias%20Scavarelli/Mati/Desarrollo%20web/Backend/FinalProyect/src/containers/MongoContainer.js:208:93)\n    at processTicksAndRejections (internal/process/task_queues.js:97:5)\n    at async removeCartProduct (file:///C:/Users/tecnopolis%20x14/Desktop/Matias%20Scavarelli/Mati/Desarrollo%20web/Backend/FinalProyect/src/controllers/cart.js:138:26)"}
{"level":"error","message":"Error:  Cannot read property 'length' of undefined","stack":"TypeError: Cannot read property 'length' of undefined\n    at CartDaoMongo.deleteItem (file:///C:/Users/tecnopolis%20x14/Desktop/Matias%20Scavarelli/Mati/Desarrollo%20web/Backend/FinalProyect/src/containers/MongoContainer.js:204:47)\n    at processTicksAndRejections (internal/process/task_queues.js:97:5)\n    at async removeCartProduct (file:///C:/Users/tecnopolis%20x14/Desktop/Matias%20Scavarelli/Mati/Desarrollo%20web/Backend/FinalProyect/src/controllers/cart.js:138:26)"}
{"level":"error","message":"Error:  Cannot read property 'length' of undefined","stack":"TypeError: Cannot read property 'length' of undefined\n    at CartDaoMongo.deleteItem (file:///C:/Users/tecnopolis%20x14/Desktop/Matias%20Scavarelli/Mati/Desarrollo%20web/Backend/FinalProyect/src/containers/MongoContainer.js:204:47)\n    at processTicksAndRejections (internal/process/task_queues.js:97:5)\n    at async removeCartProduct (file:///C:/Users/tecnopolis%20x14/Desktop/Matias%20Scavarelli/Mati/Desarrollo%20web/Backend/FinalProyect/src/controllers/cart.js:138:26)"}
{"level":"warn","message":"Se ha eliminado el producto ID 623a1651d7eb5cebf903399c del carrito ID 623b3c26a0427227d5c43406"}
{"level":"warn","message":"Se ha eliminado el producto ID 623a1651d7eb5cebf903399c del carrito ID 623b3c26a0427227d5c43406"}
{"level":"warn","message":"Se ha eliminado el producto ID 623a1651d7eb5cebf903399c del carrito ID 623b3c26a0427227d5c43406"}
{"level":"warn","message":"Se ha eliminado el producto ID 623a1651d7eb5cebf903399c del carrito ID 623b3c26a0427227d5c43406"}
{"level":"warn","message":"Se ha eliminado el producto ID 623a1651d7eb5cebf903399c del carrito ID 623b3c26a0427227d5c43406"}
{"level":"warn","message":"Se ha eliminado el producto ID 623b19f0a89d62c731566916 del carrito ID 623b3c26a0427227d5c43406"}
{"level":"warn","message":"Se ha eliminado el producto ID 623a1651d7eb5cebf903399c del carrito ID 623b3c26a0427227d5c43406"}
{"level":"warn","message":"deleteById: ","response":{"acknowledged":true,"deletedCount":1}}
{"code":20003,"level":"error","moreInfo":"https://www.twilio.com/docs/errors/20003","status":401}
{"level":"error","message":"Error: ReferenceError: objeto is not defined"}
{"level":"warn","message":"deleteById: ","response":{"acknowledged":true,"deletedCount":1}}
{"code":20003,"level":"error","moreInfo":"https://www.twilio.com/docs/errors/20003","status":401}
{"level":"error","message":"Error: ReferenceError: objeto is not defined"}
{"level":"warn","message":"deleteById: ","response":{"acknowledged":true,"deletedCount":1}}
{"code":20003,"level":"error","moreInfo":"https://www.twilio.com/docs/errors/20003","status":401}
{"level":"error","message":"Error: ReferenceError: objeto is not defined"}
{"level":"warn","message":"deleteById: ","response":{"acknowledged":true,"deletedCount":1}}
{"code":20003,"level":"error","moreInfo":"https://www.twilio.com/docs/errors/20003","status":401}
{"level":"error","message":"Error: ReferenceError: objeto is not defined"}
{"level":"warn","message":"deleteById: ","response":{"acknowledged":true,"deletedCount":1}}
{"code":20003,"level":"error","moreInfo":"https://www.twilio.com/docs/errors/20003","status":401}
{"level":"error","message":"Error: ReferenceError: objeto is not defined"}
{"level":"warn","message":"deleteById: ","response":{"acknowledged":true,"deletedCount":1}}
{"code":20003,"level":"error","moreInfo":"https://www.twilio.com/docs/errors/20003","status":401}
{"level":"error","message":"Error: ReferenceError: objeto is not defined"}
{"level":"warn","message":"deleteById: ","response":{"acknowledged":true,"deletedCount":1}}
{"code":20003,"level":"error","moreInfo":"https://www.twilio.com/docs/errors/20003","status":401}
{"level":"error","message":"Error: Could not connect to any servers in your MongoDB Atlas cluster. One common reason is that you're trying to access the database from an IP that isn't whitelisted. Make sure your current IP address is on your Atlas cluster's IP whitelist: https://docs.atlas.mongodb.com/security-whitelist/","reason":{"compatible":true,"heartbeatFrequencyMS":10000,"localThresholdMS":15,"servers":{},"setName":"atlas-ar8cmf-shard-0","stale":false,"type":"ReplicaSetNoPrimary"},"stack":"MongooseServerSelectionError: Could not connect to any servers in your MongoDB Atlas cluster. One common reason is that you're trying to access the database from an IP that isn't whitelisted. Make sure your current IP address is on your Atlas cluster's IP whitelist: https://docs.atlas.mongodb.com/security-whitelist/\n    at NativeConnection.Connection.openUri (C:\\Users\\tecnopolis x14\\Desktop\\Matias Scavarelli\\Mati\\Desarrollo web\\Backend\\FinalProyect\\node_modules\\mongoose\\lib\\connection.js:807:32)\n    at C:\\Users\\tecnopolis x14\\Desktop\\Matias Scavarelli\\Mati\\Desarrollo web\\Backend\\FinalProyect\\node_modules\\mongoose\\lib\\index.js:342:10\n    at C:\\Users\\tecnopolis x14\\Desktop\\Matias Scavarelli\\Mati\\Desarrollo web\\Backend\\FinalProyect\\node_modules\\mongoose\\lib\\helpers\\promiseOrCallback.js:32:5\n    at new Promise (<anonymous>)\n    at promiseOrCallback (C:\\Users\\tecnopolis x14\\Desktop\\Matias Scavarelli\\Mati\\Desarrollo web\\Backend\\FinalProyect\\node_modules\\mongoose\\lib\\helpers\\promiseOrCallback.js:31:10)\n    at Mongoose._promiseOrCallback (C:\\Users\\tecnopolis x14\\Desktop\\Matias Scavarelli\\Mati\\Desarrollo web\\Backend\\FinalProyect\\node_modules\\mongoose\\lib\\index.js:1176:10)\n    at Mongoose.connect (C:\\Users\\tecnopolis x14\\Desktop\\Matias Scavarelli\\Mati\\Desarrollo web\\Backend\\FinalProyect\\node_modules\\mongoose\\lib\\index.js:341:20)\n    at ProductDaoMongo.init (file:///C:/Users/tecnopolis%20x14/Desktop/Matias%20Scavarelli/Mati/Desarrollo%20web/Backend/FinalProyect/src/containers/MongoContainer.js:16:40)\n    at new MongoContainer (file:///C:/Users/tecnopolis%20x14/Desktop/Matias%20Scavarelli/Mati/Desarrollo%20web/Backend/FinalProyect/src/containers/MongoContainer.js:10:10)\n    at new ProductDaoMongo (file:///C:/Users/tecnopolis%20x14/Desktop/Matias%20Scavarelli/Mati/Desarrollo%20web/Backend/FinalProyect/src/daos/products/ProductDaoMongo.js:9:5)"}
{"level":"error","message":"Error: ValidationError: email: Path `email` is required., userId: Path `userId` is required."}
{"level":"error","message":"Error: ValidationError: email: Path `email` is required., userId: Path `userId` is required."}
{"level":"error","message":"Error: ValidationError: email: Path `email` is required., userId: Path `userId` is required."}
{"level":"error","message":"Error: ValidationError: email: Path `email` is required., userId: Path `userId` is required."}
{"level":"warn","message":"deleteById: ","response":{"acknowledged":true,"deletedCount":1}}
{"code":20003,"level":"error","moreInfo":"https://www.twilio.com/docs/errors/20003","status":401}
{"level":"warn","message":"deleteById: ","response":{"acknowledged":true,"deletedCount":1}}
{"code":20003,"level":"error","moreInfo":"https://www.twilio.com/docs/errors/20003","status":401}
{"level":"warn","message":"deleteById: ","response":{"acknowledged":true,"deletedCount":1}}
{"code":20003,"level":"error","moreInfo":"https://www.twilio.com/docs/errors/20003","status":401}
{"level":"warn","message":"deleteById: ","response":{"acknowledged":true,"deletedCount":1}}
{"code":20003,"level":"error","moreInfo":"https://www.twilio.com/docs/errors/20003","status":401}
{"level":"warn","message":"deleteById: ","response":{"acknowledged":true,"deletedCount":1}}
{"code":20003,"level":"error","moreInfo":"https://www.twilio.com/docs/errors/20003","status":401}
{"level":"warn","message":"deleteById: ","response":{"acknowledged":true,"deletedCount":1}}
{"code":20003,"level":"error","moreInfo":"https://www.twilio.com/docs/errors/20003","status":401}
{"level":"error","message":"Error: ReferenceError: cart is not defined"}
{"level":"warn","message":"deleteById: ","response":{"acknowledged":true,"deletedCount":1}}
{"code":20003,"level":"error","moreInfo":"https://www.twilio.com/docs/errors/20003","status":401}
{"level":"error","message":"Error: TypeError: this.changeProduct is not a function"}
{"level":"warn","message":"deleteById: ","response":{"acknowledged":true,"deletedCount":1}}
{"code":20003,"level":"error","moreInfo":"https://www.twilio.com/docs/errors/20003","status":401}
{"level":"warn","message":"deleteById: ","response":{"acknowledged":true,"deletedCount":1}}
{"code":20003,"level":"error","moreInfo":"https://www.twilio.com/docs/errors/20003","status":401}
{"data":{"category":"teclados ","description":"TECLADO COMPLETO CNC SINUMERIK KB 483C, ANCHO 19 LLAVES MECANICAS INCL. CABLE DE 1,5 M SKU:6FC52030AF200AA1 ","id":"623b18e0a89d62c731566901","photo":"https://ar.wiautomation.com/168423-large_default/6FC52030AF200AA1.jpg ","price":237265,"stock":10,"timestamp":"23/3/2022 15:56:32","title":"6FC5203-0AF20-0AA1 Siemens "},"level":"warn","message":"Se modifico el producto"}
{"level":"error","message":"Error: el username matiscava ya está utilizado"}
{"level":"error","message":"El usuario matiscava ya está utilizado"}
{"level":"warn","message":"deleteById: ","response":{"acknowledged":true,"deletedCount":1}}
{"code":20003,"level":"error","moreInfo":"https://www.twilio.com/docs/errors/20003","status":401}
{"level":"error","message":"Error: ReferenceError: Cannot access 'cartProductsList' before initialization"}
{"level":"error","message":"Error: ReferenceError: Cannot access 'cartProductsList' before initialization"}
{"level":"error","message":"Error: ReferenceError: Cannot access 'cartProductsList' before initialization"}
{"level":"error","message":"Error: ReferenceError: Cannot access 'cartProductsList' before initialization"}
{"level":"error","message":"Error: ReferenceError: Cannot access 'cartProductsList' before initialization"}
{"level":"error","message":"Error: ReferenceError: Cannot access 'cartProductsList' before initialization"}
{"level":"warn","message":"deleteById: ","response":{"acknowledged":true,"deletedCount":1}}
{"code":20003,"level":"error","moreInfo":"https://www.twilio.com/docs/errors/20003","status":401}
{"code":"ENOENT","errno":-4058,"level":"error","message":"Error:  ENOENT: no such file or directory, open 'C:\\Users\\tecnopolis x14\\Desktop\\Matias Scavarelli\\Mati\\Desarrollo web\\Backend\\FinalProyect\\db\\products.json'","path":"C:\\Users\\tecnopolis x14\\Desktop\\Matias Scavarelli\\Mati\\Desarrollo web\\Backend\\FinalProyect\\db\\products.json","stack":"Error: ENOENT: no such file or directory, open 'C:\\Users\\tecnopolis x14\\Desktop\\Matias Scavarelli\\Mati\\Desarrollo web\\Backend\\FinalProyect\\db\\products.json'","syscall":"open"}
{"level":"error","message":"Error:  Unexpected end of JSON input","stack":"SyntaxError: Unexpected end of JSON input\n    at JSON.parse (<anonymous>)\n    at ProductDaoFile.getAll (file:///C:/Users/tecnopolis%20x14/Desktop/Matias%20Scavarelli/Mati/Desarrollo%20web/Backend/FinalProyect/src/containers/FileContainer.js:12:33)\n    at async getAll (file:///C:/Users/tecnopolis%20x14/Desktop/Matias%20Scavarelli/Mati/Desarrollo%20web/Backend/FinalProyect/src/controllers/product.js:10:16)"}
{"code":"ENOENT","errno":-4058,"level":"error","message":"Error:  ENOENT: no such file or directory, open 'C:\\Users\\tecnopolis x14\\Desktop\\Matias Scavarelli\\Mati\\Desarrollo web\\Backend\\FinalProyect\\db\\users.json'","path":"C:\\Users\\tecnopolis x14\\Desktop\\Matias Scavarelli\\Mati\\Desarrollo web\\Backend\\FinalProyect\\db\\users.json","stack":"Error: ENOENT: no such file or directory, open 'C:\\Users\\tecnopolis x14\\Desktop\\Matias Scavarelli\\Mati\\Desarrollo web\\Backend\\FinalProyect\\db\\users.json'","syscall":"open"}
{"code":"ENOENT","errno":-4058,"level":"error","message":"Error:  ENOENT: no such file or directory, open 'C:\\Users\\tecnopolis x14\\Desktop\\Matias Scavarelli\\Mati\\Desarrollo web\\Backend\\FinalProyect\\db\\users.json'","path":"C:\\Users\\tecnopolis x14\\Desktop\\Matias Scavarelli\\Mati\\Desarrollo web\\Backend\\FinalProyect\\db\\users.json","stack":"Error: ENOENT: no such file or directory, open 'C:\\Users\\tecnopolis x14\\Desktop\\Matias Scavarelli\\Mati\\Desarrollo web\\Backend\\FinalProyect\\db\\users.json'","syscall":"open"}
{"level":"error","message":"Error:  Unexpected end of JSON input","stack":"SyntaxError: Unexpected end of JSON input\n    at JSON.parse (<anonymous>)\n    at UserDaoFile.getAll (file:///C:/Users/tecnopolis%20x14/Desktop/Matias%20Scavarelli/Mati/Desarrollo%20web/Backend/FinalProyect/src/containers/FileContainer.js:12:33)\n    at async UserDaoFile.getById (file:///C:/Users/tecnopolis%20x14/Desktop/Matias%20Scavarelli/Mati/Desarrollo%20web/Backend/FinalProyect/src/containers/FileContainer.js:21:28)\n    at async getAll (file:///C:/Users/tecnopolis%20x14/Desktop/Matias%20Scavarelli/Mati/Desarrollo%20web/Backend/FinalProyect/src/controllers/product.js:12:19)"}
{"level":"error","message":"Error:  Unexpected end of JSON input","stack":"SyntaxError: Unexpected end of JSON input\n    at JSON.parse (<anonymous>)\n    at UserDaoFile.getAll (file:///C:/Users/tecnopolis%20x14/Desktop/Matias%20Scavarelli/Mati/Desarrollo%20web/Backend/FinalProyect/src/containers/FileContainer.js:12:33)\n    at async UserDaoFile.getById (file:///C:/Users/tecnopolis%20x14/Desktop/Matias%20Scavarelli/Mati/Desarrollo%20web/Backend/FinalProyect/src/containers/FileContainer.js:21:28)\n    at async getAll (file:///C:/Users/tecnopolis%20x14/Desktop/Matias%20Scavarelli/Mati/Desarrollo%20web/Backend/FinalProyect/src/controllers/product.js:12:19)"}
{"level":"error","message":"Error:  Cannot access 'lista' before initialization","stack":"ReferenceError: Cannot access 'lista' before initialization\n    at UserDaoFile.addCartToUser (file:///C:/Users/tecnopolis%20x14/Desktop/Matias%20Scavarelli/Mati/Desarrollo%20web/Backend/FinalProyect/src/containers/FileContainer.js:135:38)\n    at createCart (file:///C:/Users/tecnopolis%20x14/Desktop/Matias%20Scavarelli/Mati/Desarrollo%20web/Backend/FinalProyect/src/controllers/cart.js:37:24)"}
{"level":"error","message":"Error:  Cannot read property 'push' of undefined","stack":"TypeError: Cannot read property 'push' of undefined\n    at UserDaoFile.addCartToUser (file:///C:/Users/tecnopolis%20x14/Desktop/Matias%20Scavarelli/Mati/Desarrollo%20web/Backend/FinalProyect/src/containers/FileContainer.js:144:27)\n    at async createCart (file:///C:/Users/tecnopolis%20x14/Desktop/Matias%20Scavarelli/Mati/Desarrollo%20web/Backend/FinalProyect/src/controllers/cart.js:37:9)"}
{"level":"error","message":"Error:  Cannot read property 'push' of undefined","stack":"TypeError: Cannot read property 'push' of undefined\n    at UserDaoFile.addCartToUser (file:///C:/Users/tecnopolis%20x14/Desktop/Matias%20Scavarelli/Mati/Desarrollo%20web/Backend/FinalProyect/src/containers/FileContainer.js:144:27)\n    at async createCart (file:///C:/Users/tecnopolis%20x14/Desktop/Matias%20Scavarelli/Mati/Desarrollo%20web/Backend/FinalProyect/src/controllers/cart.js:37:9)"}
{"level":"error","message":"Error:  cart is not defined","stack":"ReferenceError: cart is not defined\n    at UserDaoFile.addCartToUser (file:///C:/Users/tecnopolis%20x14/Desktop/Matias%20Scavarelli/Mati/Desarrollo%20web/Backend/FinalProyect/src/containers/FileContainer.js:144:22)\n    at async createCart (file:///C:/Users/tecnopolis%20x14/Desktop/Matias%20Scavarelli/Mati/Desarrollo%20web/Backend/FinalProyect/src/controllers/cart.js:37:9)"}
{"level":"error","message":"Error:  cart is not defined","stack":"ReferenceError: cart is not defined\n    at UserDaoFile.addCartToUser (file:///C:/Users/tecnopolis%20x14/Desktop/Matias%20Scavarelli/Mati/Desarrollo%20web/Backend/FinalProyect/src/containers/FileContainer.js:144:22)\n    at async createCart (file:///C:/Users/tecnopolis%20x14/Desktop/Matias%20Scavarelli/Mati/Desarrollo%20web/Backend/FinalProyect/src/controllers/cart.js:37:9)"}
{"level":"error","message":"Error: TypeError: this.collection is not a constructor"}
{"level":"error","message":"Error: TypeError: this.collection is not a constructor"}
{"level":"error","message":"Error: TypeError: this.collection is not a constructor"}
{"level":"error","message":"Error: TypeError: this.collection is not a constructor"}
{"level":"error","message":"Error: TypeError: this.collection is not a constructor"}
{"level":"error","message":"Error: ReferenceError: document is not defined"}
{"level":"error","message":"Error: ReferenceError: objeto is not defined"}
{"level":"error","message":"Error:  cartList is not defined","stack":"ReferenceError: cartList is not defined\n    at UserDaoFile.closeCart (file:///C:/Users/tecnopolis%20x14/Desktop/Matias%20Scavarelli/Mati/Desarrollo%20web/Backend/FinalProyect/src/containers/FileContainer.js:198:13)\n    at async mekeTicket (file:///C:/Users/tecnopolis%20x14/Desktop/Matias%20Scavarelli/Mati/Desarrollo%20web/Backend/FinalProyect/src/controllers/cart.js:213:3)"}
{"code":"ENOTFOUND","config":{"data":"To=whatsapp%3A%2B11%205563%203083&From=whatsapp%3A%2B14155238886&Body=Felicitaciones%20matiscava%2C%20ha%20finalizado%20su%20compra.El%20n%C3%BAmero%20de%20referencia%20es%202","headers":{"Accept":"application/json","Accept-Charset":"utf-8","Authorization":"Basic QUM0MzgyODRlYzk1YmQ4MDdjNzI4NjA5ZGU0ZWU3NzU4NzozYTFlN2RmZWVhYWJiMDFiMzIwMTQ5YzM1N2JlOTA3YQ==","Connection":"close","Content-Length":175,"Content-Type":"application/x-www-form-urlencoded","User-Agent":"twilio-node/3.75.1 (win32 x64) node/v13.14.0"},"maxBodyLength":-1,"maxContentLength":-1,"maxRedirects":0,"method":"post","proxy":false,"timeout":30000,"transformRequest":[null],"transformResponse":[null],"transitional":{"clarifyTimeoutError":false,"forcedJSONParsing":true,"silentJSONParsing":true},"url":"https://api.twilio.com/2010-04-01/Accounts/AC438284ec95bd807c728609de4ee77587/Messages.json","xsrfCookieName":"XSRF-TOKEN","xsrfHeaderName":"X-XSRF-TOKEN"},"message":"getaddrinfo ENOTFOUND api.twilio.com","name":"Error","stack":"Error: getaddrinfo ENOTFOUND api.twilio.com\n    at GetAddrInfoReqWrap.onlookup [as oncomplete] (dns.js:66:26)","status":null}
{"code":20003,"level":"error","moreInfo":"https://www.twilio.com/docs/errors/20003","status":401}
{"code":20003,"level":"error","moreInfo":"https://www.twilio.com/docs/errors/20003","status":401}
{"code":"ESTREAM","command":"API","errno":-3008,"hostname":"cinematicos.net","level":"error","sourceUrl":"https://cinematicos.net/wp-content/uploads/Una-explicacion-de-la-historia-de-Neo-de-The-Matrix.jpg","syscall":"getaddrinfo","type":"FETCH"}
{"data":{"category":"teclados ","description":"Innovadores en diseño y tecnología, Logitech se encarga de brindar la mejor experiencia de uso para sus usuarios. Sus teclados resaltan por ser resistentes y muy de buena calidad, por lo que podrás disfrutarlos por un largo tiempo.   ","id":"623a1651d7eb5cebf903399c","photo":"https://http2.mlstatic.com/D_NQ_NP_758918-MLA46869090083_072021-O.webp   ","price":4399,"stock":26,"timestamp":"28/3/2022 11:02:24","title":"Teclado bluetooth Logitech K380 QWERTY español color negro   "},"level":"warn","message":"Se modifico el producto"}
{"data":{"category":"teclados  ","description":"Innovadores en diseño y tecnología, Logitech se encarga de brindar la mejor experiencia de uso para sus usuarios. Sus teclados resaltan por ser resistentes y muy de buena calidad, por lo que podrás disfrutarlos por un largo tiempo.    ","id":"623a1651d7eb5cebf903399c","photo":"https://http2.mlstatic.com/D_NQ_NP_758918-MLA46869090083_072021-O.webp    ","price":4399,"stock":29,"timestamp":"28/3/2022 11:02:35","title":"Teclado bluetooth Logitech K380 QWERTY español color negro    "},"level":"warn","message":"Se modifico el producto"}
{"level":"error","message":"Error en servidor Error: listen EADDRINUSE: address already in use :::8080"}
{"level":"error","message":"Error: Argument passed in must be a string of 12 bytes or a string of 24 hex characters","stack":"BSONTypeError: Argument passed in must be a string of 12 bytes or a string of 24 hex characters\n    at new BSONTypeError (C:\\Users\\tecnopolis x14\\Desktop\\Matias Scavarelli\\Mati\\Desarrollo web\\Backend\\FinalProyect\\node_modules\\bson\\lib\\error.js:41:28)\n    at new ObjectId (C:\\Users\\tecnopolis x14\\Desktop\\Matias Scavarelli\\Mati\\Desarrollo web\\Backend\\FinalProyect\\node_modules\\bson\\lib\\objectid.js:65:23)\n    at UserDaoMongo.getById (file:///C:/Users/tecnopolis%20x14/Desktop/Matias%20Scavarelli/Mati/Desarrollo%20web/Backend/FinalProyect/src/containers/MongoContainer.js:38:21)\n    at Namespace.<anonymous> (file:///C:/Users/tecnopolis%20x14/Desktop/Matias%20Scavarelli/Mati/Desarrollo%20web/Backend/FinalProyect/src/main.js:26:36)\n    at Namespace.emit (events.js:315:20)\n    at Namespace.emitReserved (C:\\Users\\tecnopolis x14\\Desktop\\Matias Scavarelli\\Mati\\Desarrollo web\\Backend\\FinalProyect\\node_modules\\socket.io\\dist\\typed-events.js:56:22)\n    at C:\\Users\\tecnopolis x14\\Desktop\\Matias Scavarelli\\Mati\\Desarrollo web\\Backend\\FinalProyect\\node_modules\\socket.io\\dist\\namespace.js:141:26\n    at processTicksAndRejections (internal/process/task_queues.js:79:11)"}
{"level":"error","message":"Error: Argument passed in must be a string of 12 bytes or a string of 24 hex characters","stack":"BSONTypeError: Argument passed in must be a string of 12 bytes or a string of 24 hex characters\n    at new BSONTypeError (C:\\Users\\tecnopolis x14\\Desktop\\Matias Scavarelli\\Mati\\Desarrollo web\\Backend\\FinalProyect\\node_modules\\bson\\lib\\error.js:41:28)\n    at new ObjectId (C:\\Users\\tecnopolis x14\\Desktop\\Matias Scavarelli\\Mati\\Desarrollo web\\Backend\\FinalProyect\\node_modules\\bson\\lib\\objectid.js:65:23)\n    at ProductDaoMongo.getById (file:///C:/Users/tecnopolis%20x14/Desktop/Matias%20Scavarelli/Mati/Desarrollo%20web/Backend/FinalProyect/src/containers/MongoContainer.js:38:21)\n    at getProduct (file:///C:/Users/tecnopolis%20x14/Desktop/Matias%20Scavarelli/Mati/Desarrollo%20web/Backend/FinalProyect/src/controllers/product.js:56:40)\n    at Layer.handle [as handle_request] (C:\\Users\\tecnopolis x14\\Desktop\\Matias Scavarelli\\Mati\\Desarrollo web\\Backend\\FinalProyect\\node_modules\\express\\lib\\router\\layer.js:95:5)\n    at next (C:\\Users\\tecnopolis x14\\Desktop\\Matias Scavarelli\\Mati\\Desarrollo web\\Backend\\FinalProyect\\node_modules\\express\\lib\\router\\route.js:137:13)\n    at Route.dispatch (C:\\Users\\tecnopolis x14\\Desktop\\Matias Scavarelli\\Mati\\Desarrollo web\\Backend\\FinalProyect\\node_modules\\express\\lib\\router\\route.js:112:3)\n    at Layer.handle [as handle_request] (C:\\Users\\tecnopolis x14\\Desktop\\Matias Scavarelli\\Mati\\Desarrollo web\\Backend\\FinalProyect\\node_modules\\express\\lib\\router\\layer.js:95:5)\n    at C:\\Users\\tecnopolis x14\\Desktop\\Matias Scavarelli\\Mati\\Desarrollo web\\Backend\\FinalProyect\\node_modules\\express\\lib\\router\\index.js:281:22\n    at param (C:\\Users\\tecnopolis x14\\Desktop\\Matias Scavarelli\\Mati\\Desarrollo web\\Backend\\FinalProyect\\node_modules\\express\\lib\\router\\index.js:360:14)"}
{"level":"error","message":"Error: URI must include hostname, domain name, and tld","stack":"MongoAPIError: URI must include hostname, domain name, and tld\n    at resolveSRVRecord (C:\\Users\\tecnopolis x14\\Desktop\\Matias Scavarelli\\Mati\\Desarrollo web\\Backend\\FinalProyect\\node_modules\\mongoose\\node_modules\\mongodb\\lib\\connection_string.js:51:25)\n    at connect (C:\\Users\\tecnopolis x14\\Desktop\\Matias Scavarelli\\Mati\\Desarrollo web\\Backend\\FinalProyect\\node_modules\\mongoose\\node_modules\\mongodb\\lib\\operations\\connect.js:32:57)\n    at C:\\Users\\tecnopolis x14\\Desktop\\Matias Scavarelli\\Mati\\Desarrollo web\\Backend\\FinalProyect\\node_modules\\mongoose\\node_modules\\mongodb\\lib\\mongo_client.js:127:35\n    at maybePromise (C:\\Users\\tecnopolis x14\\Desktop\\Matias Scavarelli\\Mati\\Desarrollo web\\Backend\\FinalProyect\\node_modules\\mongoose\\node_modules\\mongodb\\lib\\utils.js:496:5)\n    at MongoClient.connect (C:\\Users\\tecnopolis x14\\Desktop\\Matias Scavarelli\\Mati\\Desarrollo web\\Backend\\FinalProyect\\node_modules\\mongoose\\node_modules\\mongodb\\lib\\mongo_client.js:126:41)\n    at C:\\Users\\tecnopolis x14\\Desktop\\Matias Scavarelli\\Mati\\Desarrollo web\\Backend\\FinalProyect\\node_modules\\mongoose\\lib\\connection.js:792:12\n    at new Promise (<anonymous>)\n    at NativeConnection.Connection.openUri (C:\\Users\\tecnopolis x14\\Desktop\\Matias Scavarelli\\Mati\\Desarrollo web\\Backend\\FinalProyect\\node_modules\\mongoose\\lib\\connection.js:781:19)\n    at C:\\Users\\tecnopolis x14\\Desktop\\Matias Scavarelli\\Mati\\Desarrollo web\\Backend\\FinalProyect\\node_modules\\mongoose\\lib\\index.js:342:10\n    at C:\\Users\\tecnopolis x14\\Desktop\\Matias Scavarelli\\Mati\\Desarrollo web\\Backend\\FinalProyect\\node_modules\\mongoose\\lib\\helpers\\promiseOrCallback.js:32:5"}
{"level":"error","message":"Error: Invalid scheme, expected connection string to start with \"mongodb://\" or \"mongodb+srv://\"","stack":"MongoParseError: Invalid scheme, expected connection string to start with \"mongodb://\" or \"mongodb+srv://\"\n    at new ConnectionString (C:\\Users\\tecnopolis x14\\Desktop\\Matias Scavarelli\\Mati\\Desarrollo web\\Backend\\FinalProyect\\node_modules\\mongodb-connection-string-url\\lib\\index.js:86:19)\n    at parseOptions (C:\\Users\\tecnopolis x14\\Desktop\\Matias Scavarelli\\Mati\\Desarrollo web\\Backend\\FinalProyect\\node_modules\\mongoose\\node_modules\\mongodb\\lib\\connection_string.js:217:17)\n    at new MongoClient (C:\\Users\\tecnopolis x14\\Desktop\\Matias Scavarelli\\Mati\\Desarrollo web\\Backend\\FinalProyect\\node_modules\\mongoose\\node_modules\\mongodb\\lib\\mongo_client.js:62:63)\n    at C:\\Users\\tecnopolis x14\\Desktop\\Matias Scavarelli\\Mati\\Desarrollo web\\Backend\\FinalProyect\\node_modules\\mongoose\\lib\\connection.js:784:16\n    at new Promise (<anonymous>)\n    at NativeConnection.Connection.openUri (C:\\Users\\tecnopolis x14\\Desktop\\Matias Scavarelli\\Mati\\Desarrollo web\\Backend\\FinalProyect\\node_modules\\mongoose\\lib\\connection.js:781:19)\n    at C:\\Users\\tecnopolis x14\\Desktop\\Matias Scavarelli\\Mati\\Desarrollo web\\Backend\\FinalProyect\\node_modules\\mongoose\\lib\\index.js:342:10\n    at C:\\Users\\tecnopolis x14\\Desktop\\Matias Scavarelli\\Mati\\Desarrollo web\\Backend\\FinalProyect\\node_modules\\mongoose\\lib\\helpers\\promiseOrCallback.js:32:5\n    at new Promise (<anonymous>)\n    at promiseOrCallback (C:\\Users\\tecnopolis x14\\Desktop\\Matias Scavarelli\\Mati\\Desarrollo web\\Backend\\FinalProyect\\node_modules\\mongoose\\lib\\helpers\\promiseOrCallback.js:31:10)"}
{"level":"error","message":"Error: Invalid scheme, expected connection string to start with \"mongodb://\" or \"mongodb+srv://\"","stack":"MongoParseError: Invalid scheme, expected connection string to start with \"mongodb://\" or \"mongodb+srv://\"\n    at new ConnectionString (C:\\Users\\tecnopolis x14\\Desktop\\Matias Scavarelli\\Mati\\Desarrollo web\\Backend\\FinalProyect\\node_modules\\mongodb-connection-string-url\\lib\\index.js:86:19)\n    at parseOptions (C:\\Users\\tecnopolis x14\\Desktop\\Matias Scavarelli\\Mati\\Desarrollo web\\Backend\\FinalProyect\\node_modules\\mongoose\\node_modules\\mongodb\\lib\\connection_string.js:217:17)\n    at new MongoClient (C:\\Users\\tecnopolis x14\\Desktop\\Matias Scavarelli\\Mati\\Desarrollo web\\Backend\\FinalProyect\\node_modules\\mongoose\\node_modules\\mongodb\\lib\\mongo_client.js:62:63)\n    at C:\\Users\\tecnopolis x14\\Desktop\\Matias Scavarelli\\Mati\\Desarrollo web\\Backend\\FinalProyect\\node_modules\\mongoose\\lib\\connection.js:784:16\n    at new Promise (<anonymous>)\n    at NativeConnection.Connection.openUri (C:\\Users\\tecnopolis x14\\Desktop\\Matias Scavarelli\\Mati\\Desarrollo web\\Backend\\FinalProyect\\node_modules\\mongoose\\lib\\connection.js:781:19)\n    at C:\\Users\\tecnopolis x14\\Desktop\\Matias Scavarelli\\Mati\\Desarrollo web\\Backend\\FinalProyect\\node_modules\\mongoose\\lib\\index.js:342:10\n    at C:\\Users\\tecnopolis x14\\Desktop\\Matias Scavarelli\\Mati\\Desarrollo web\\Backend\\FinalProyect\\node_modules\\mongoose\\lib\\helpers\\promiseOrCallback.js:32:5\n    at new Promise (<anonymous>)\n    at promiseOrCallback (C:\\Users\\tecnopolis x14\\Desktop\\Matias Scavarelli\\Mati\\Desarrollo web\\Backend\\FinalProyect\\node_modules\\mongoose\\lib\\helpers\\promiseOrCallback.js:31:10)"}
{"level":"error","message":"Error: Invalid scheme, expected connection string to start with \"mongodb://\" or \"mongodb+srv://\"","stack":"MongoParseError: Invalid scheme, expected connection string to start with \"mongodb://\" or \"mongodb+srv://\"\n    at new ConnectionString (C:\\Users\\tecnopolis x14\\Desktop\\Matias Scavarelli\\Mati\\Desarrollo web\\Backend\\FinalProyect\\node_modules\\mongodb-connection-string-url\\lib\\index.js:86:19)\n    at parseOptions (C:\\Users\\tecnopolis x14\\Desktop\\Matias Scavarelli\\Mati\\Desarrollo web\\Backend\\FinalProyect\\node_modules\\mongoose\\node_modules\\mongodb\\lib\\connection_string.js:217:17)\n    at new MongoClient (C:\\Users\\tecnopolis x14\\Desktop\\Matias Scavarelli\\Mati\\Desarrollo web\\Backend\\FinalProyect\\node_modules\\mongoose\\node_modules\\mongodb\\lib\\mongo_client.js:62:63)\n    at C:\\Users\\tecnopolis x14\\Desktop\\Matias Scavarelli\\Mati\\Desarrollo web\\Backend\\FinalProyect\\node_modules\\mongoose\\lib\\connection.js:784:16\n    at new Promise (<anonymous>)\n    at NativeConnection.Connection.openUri (C:\\Users\\tecnopolis x14\\Desktop\\Matias Scavarelli\\Mati\\Desarrollo web\\Backend\\FinalProyect\\node_modules\\mongoose\\lib\\connection.js:781:19)\n    at C:\\Users\\tecnopolis x14\\Desktop\\Matias Scavarelli\\Mati\\Desarrollo web\\Backend\\FinalProyect\\node_modules\\mongoose\\lib\\index.js:342:10\n    at C:\\Users\\tecnopolis x14\\Desktop\\Matias Scavarelli\\Mati\\Desarrollo web\\Backend\\FinalProyect\\node_modules\\mongoose\\lib\\helpers\\promiseOrCallback.js:32:5\n    at new Promise (<anonymous>)\n    at promiseOrCallback (C:\\Users\\tecnopolis x14\\Desktop\\Matias Scavarelli\\Mati\\Desarrollo web\\Backend\\FinalProyect\\node_modules\\mongoose\\lib\\helpers\\promiseOrCallback.js:31:10)"}
{"level":"error","message":"Error: Invalid scheme, expected connection string to start with \"mongodb://\" or \"mongodb+srv://\"","stack":"MongoParseError: Invalid scheme, expected connection string to start with \"mongodb://\" or \"mongodb+srv://\"\n    at new ConnectionString (C:\\Users\\tecnopolis x14\\Desktop\\Matias Scavarelli\\Mati\\Desarrollo web\\Backend\\FinalProyect\\node_modules\\mongodb-connection-string-url\\lib\\index.js:86:19)\n    at parseOptions (C:\\Users\\tecnopolis x14\\Desktop\\Matias Scavarelli\\Mati\\Desarrollo web\\Backend\\FinalProyect\\node_modules\\mongoose\\node_modules\\mongodb\\lib\\connection_string.js:217:17)\n    at new MongoClient (C:\\Users\\tecnopolis x14\\Desktop\\Matias Scavarelli\\Mati\\Desarrollo web\\Backend\\FinalProyect\\node_modules\\mongoose\\node_modules\\mongodb\\lib\\mongo_client.js:62:63)\n    at C:\\Users\\tecnopolis x14\\Desktop\\Matias Scavarelli\\Mati\\Desarrollo web\\Backend\\FinalProyect\\node_modules\\mongoose\\lib\\connection.js:784:16\n    at new Promise (<anonymous>)\n    at NativeConnection.Connection.openUri (C:\\Users\\tecnopolis x14\\Desktop\\Matias Scavarelli\\Mati\\Desarrollo web\\Backend\\FinalProyect\\node_modules\\mongoose\\lib\\connection.js:781:19)\n    at C:\\Users\\tecnopolis x14\\Desktop\\Matias Scavarelli\\Mati\\Desarrollo web\\Backend\\FinalProyect\\node_modules\\mongoose\\lib\\index.js:342:10\n    at C:\\Users\\tecnopolis x14\\Desktop\\Matias Scavarelli\\Mati\\Desarrollo web\\Backend\\FinalProyect\\node_modules\\mongoose\\lib\\helpers\\promiseOrCallback.js:32:5\n    at new Promise (<anonymous>)\n    at promiseOrCallback (C:\\Users\\tecnopolis x14\\Desktop\\Matias Scavarelli\\Mati\\Desarrollo web\\Backend\\FinalProyect\\node_modules\\mongoose\\lib\\helpers\\promiseOrCallback.js:31:10)"}
{"level":"error","message":"Error: Invalid scheme, expected connection string to start with \"mongodb://\" or \"mongodb+srv://\"","stack":"MongoParseError: Invalid scheme, expected connection string to start with \"mongodb://\" or \"mongodb+srv://\"\n    at new ConnectionString (C:\\Users\\tecnopolis x14\\Desktop\\Matias Scavarelli\\Mati\\Desarrollo web\\Backend\\FinalProyect\\node_modules\\mongodb-connection-string-url\\lib\\index.js:86:19)\n    at parseOptions (C:\\Users\\tecnopolis x14\\Desktop\\Matias Scavarelli\\Mati\\Desarrollo web\\Backend\\FinalProyect\\node_modules\\mongoose\\node_modules\\mongodb\\lib\\connection_string.js:217:17)\n    at new MongoClient (C:\\Users\\tecnopolis x14\\Desktop\\Matias Scavarelli\\Mati\\Desarrollo web\\Backend\\FinalProyect\\node_modules\\mongoose\\node_modules\\mongodb\\lib\\mongo_client.js:62:63)\n    at C:\\Users\\tecnopolis x14\\Desktop\\Matias Scavarelli\\Mati\\Desarrollo web\\Backend\\FinalProyect\\node_modules\\mongoose\\lib\\connection.js:784:16\n    at new Promise (<anonymous>)\n    at NativeConnection.Connection.openUri (C:\\Users\\tecnopolis x14\\Desktop\\Matias Scavarelli\\Mati\\Desarrollo web\\Backend\\FinalProyect\\node_modules\\mongoose\\lib\\connection.js:781:19)\n    at C:\\Users\\tecnopolis x14\\Desktop\\Matias Scavarelli\\Mati\\Desarrollo web\\Backend\\FinalProyect\\node_modules\\mongoose\\lib\\index.js:342:10\n    at C:\\Users\\tecnopolis x14\\Desktop\\Matias Scavarelli\\Mati\\Desarrollo web\\Backend\\FinalProyect\\node_modules\\mongoose\\lib\\helpers\\promiseOrCallback.js:32:5\n    at new Promise (<anonymous>)\n    at promiseOrCallback (C:\\Users\\tecnopolis x14\\Desktop\\Matias Scavarelli\\Mati\\Desarrollo web\\Backend\\FinalProyect\\node_modules\\mongoose\\lib\\helpers\\promiseOrCallback.js:31:10)"}
{"level":"error","message":"Error: Invalid scheme, expected connection string to start with \"mongodb://\" or \"mongodb+srv://\"","stack":"MongoParseError: Invalid scheme, expected connection string to start with \"mongodb://\" or \"mongodb+srv://\"\n    at new ConnectionString (C:\\Users\\tecnopolis x14\\Desktop\\Matias Scavarelli\\Mati\\Desarrollo web\\Backend\\FinalProyect\\node_modules\\mongodb-connection-string-url\\lib\\index.js:86:19)\n    at parseOptions (C:\\Users\\tecnopolis x14\\Desktop\\Matias Scavarelli\\Mati\\Desarrollo web\\Backend\\FinalProyect\\node_modules\\mongoose\\node_modules\\mongodb\\lib\\connection_string.js:217:17)\n    at new MongoClient (C:\\Users\\tecnopolis x14\\Desktop\\Matias Scavarelli\\Mati\\Desarrollo web\\Backend\\FinalProyect\\node_modules\\mongoose\\node_modules\\mongodb\\lib\\mongo_client.js:62:63)\n    at C:\\Users\\tecnopolis x14\\Desktop\\Matias Scavarelli\\Mati\\Desarrollo web\\Backend\\FinalProyect\\node_modules\\mongoose\\lib\\connection.js:784:16\n    at new Promise (<anonymous>)\n    at NativeConnection.Connection.openUri (C:\\Users\\tecnopolis x14\\Desktop\\Matias Scavarelli\\Mati\\Desarrollo web\\Backend\\FinalProyect\\node_modules\\mongoose\\lib\\connection.js:781:19)\n    at C:\\Users\\tecnopolis x14\\Desktop\\Matias Scavarelli\\Mati\\Desarrollo web\\Backend\\FinalProyect\\node_modules\\mongoose\\lib\\index.js:342:10\n    at C:\\Users\\tecnopolis x14\\Desktop\\Matias Scavarelli\\Mati\\Desarrollo web\\Backend\\FinalProyect\\node_modules\\mongoose\\lib\\helpers\\promiseOrCallback.js:32:5\n    at new Promise (<anonymous>)\n    at promiseOrCallback (C:\\Users\\tecnopolis x14\\Desktop\\Matias Scavarelli\\Mati\\Desarrollo web\\Backend\\FinalProyect\\node_modules\\mongoose\\lib\\helpers\\promiseOrCallback.js:31:10)"}
{"level":"error","message":"Error: Invalid scheme, expected connection string to start with \"mongodb://\" or \"mongodb+srv://\"","stack":"MongoParseError: Invalid scheme, expected connection string to start with \"mongodb://\" or \"mongodb+srv://\"\n    at new ConnectionString (C:\\Users\\tecnopolis x14\\Desktop\\Matias Scavarelli\\Mati\\Desarrollo web\\Backend\\FinalProyect\\node_modules\\mongodb-connection-string-url\\lib\\index.js:86:19)\n    at parseOptions (C:\\Users\\tecnopolis x14\\Desktop\\Matias Scavarelli\\Mati\\Desarrollo web\\Backend\\FinalProyect\\node_modules\\mongoose\\node_modules\\mongodb\\lib\\connection_string.js:217:17)\n    at new MongoClient (C:\\Users\\tecnopolis x14\\Desktop\\Matias Scavarelli\\Mati\\Desarrollo web\\Backend\\FinalProyect\\node_modules\\mongoose\\node_modules\\mongodb\\lib\\mongo_client.js:62:63)\n    at C:\\Users\\tecnopolis x14\\Desktop\\Matias Scavarelli\\Mati\\Desarrollo web\\Backend\\FinalProyect\\node_modules\\mongoose\\lib\\connection.js:784:16\n    at new Promise (<anonymous>)\n    at NativeConnection.Connection.openUri (C:\\Users\\tecnopolis x14\\Desktop\\Matias Scavarelli\\Mati\\Desarrollo web\\Backend\\FinalProyect\\node_modules\\mongoose\\lib\\connection.js:781:19)\n    at C:\\Users\\tecnopolis x14\\Desktop\\Matias Scavarelli\\Mati\\Desarrollo web\\Backend\\FinalProyect\\node_modules\\mongoose\\lib\\index.js:342:10\n    at C:\\Users\\tecnopolis x14\\Desktop\\Matias Scavarelli\\Mati\\Desarrollo web\\Backend\\FinalProyect\\node_modules\\mongoose\\lib\\helpers\\promiseOrCallback.js:32:5\n    at new Promise (<anonymous>)\n    at promiseOrCallback (C:\\Users\\tecnopolis x14\\Desktop\\Matias Scavarelli\\Mati\\Desarrollo web\\Backend\\FinalProyect\\node_modules\\mongoose\\lib\\helpers\\promiseOrCallback.js:31:10)"}
{"level":"error","message":"Error: Invalid scheme, expected connection string to start with \"mongodb://\" or \"mongodb+srv://\"","stack":"MongoParseError: Invalid scheme, expected connection string to start with \"mongodb://\" or \"mongodb+srv://\"\n    at new ConnectionString (C:\\Users\\tecnopolis x14\\Desktop\\Matias Scavarelli\\Mati\\Desarrollo web\\Backend\\FinalProyect\\node_modules\\mongodb-connection-string-url\\lib\\index.js:86:19)\n    at parseOptions (C:\\Users\\tecnopolis x14\\Desktop\\Matias Scavarelli\\Mati\\Desarrollo web\\Backend\\FinalProyect\\node_modules\\mongoose\\node_modules\\mongodb\\lib\\connection_string.js:217:17)\n    at new MongoClient (C:\\Users\\tecnopolis x14\\Desktop\\Matias Scavarelli\\Mati\\Desarrollo web\\Backend\\FinalProyect\\node_modules\\mongoose\\node_modules\\mongodb\\lib\\mongo_client.js:62:63)\n    at C:\\Users\\tecnopolis x14\\Desktop\\Matias Scavarelli\\Mati\\Desarrollo web\\Backend\\FinalProyect\\node_modules\\mongoose\\lib\\connection.js:784:16\n    at new Promise (<anonymous>)\n    at NativeConnection.Connection.openUri (C:\\Users\\tecnopolis x14\\Desktop\\Matias Scavarelli\\Mati\\Desarrollo web\\Backend\\FinalProyect\\node_modules\\mongoose\\lib\\connection.js:781:19)\n    at C:\\Users\\tecnopolis x14\\Desktop\\Matias Scavarelli\\Mati\\Desarrollo web\\Backend\\FinalProyect\\node_modules\\mongoose\\lib\\index.js:342:10\n    at C:\\Users\\tecnopolis x14\\Desktop\\Matias Scavarelli\\Mati\\Desarrollo web\\Backend\\FinalProyect\\node_modules\\mongoose\\lib\\helpers\\promiseOrCallback.js:32:5\n    at new Promise (<anonymous>)\n    at promiseOrCallback (C:\\Users\\tecnopolis x14\\Desktop\\Matias Scavarelli\\Mati\\Desarrollo web\\Backend\\FinalProyect\\node_modules\\mongoose\\lib\\helpers\\promiseOrCallback.js:31:10)"}
{"level":"error","message":"Error: Invalid scheme, expected connection string to start with \"mongodb://\" or \"mongodb+srv://\"","stack":"MongoParseError: Invalid scheme, expected connection string to start with \"mongodb://\" or \"mongodb+srv://\"\n    at new ConnectionString (C:\\Users\\tecnopolis x14\\Desktop\\Matias Scavarelli\\Mati\\Desarrollo web\\Backend\\FinalProyect\\node_modules\\mongodb-connection-string-url\\lib\\index.js:86:19)\n    at parseOptions (C:\\Users\\tecnopolis x14\\Desktop\\Matias Scavarelli\\Mati\\Desarrollo web\\Backend\\FinalProyect\\node_modules\\mongoose\\node_modules\\mongodb\\lib\\connection_string.js:217:17)\n    at new MongoClient (C:\\Users\\tecnopolis x14\\Desktop\\Matias Scavarelli\\Mati\\Desarrollo web\\Backend\\FinalProyect\\node_modules\\mongoose\\node_modules\\mongodb\\lib\\mongo_client.js:62:63)\n    at C:\\Users\\tecnopolis x14\\Desktop\\Matias Scavarelli\\Mati\\Desarrollo web\\Backend\\FinalProyect\\node_modules\\mongoose\\lib\\connection.js:784:16\n    at new Promise (<anonymous>)\n    at NativeConnection.Connection.openUri (C:\\Users\\tecnopolis x14\\Desktop\\Matias Scavarelli\\Mati\\Desarrollo web\\Backend\\FinalProyect\\node_modules\\mongoose\\lib\\connection.js:781:19)\n    at C:\\Users\\tecnopolis x14\\Desktop\\Matias Scavarelli\\Mati\\Desarrollo web\\Backend\\FinalProyect\\node_modules\\mongoose\\lib\\index.js:342:10\n    at C:\\Users\\tecnopolis x14\\Desktop\\Matias Scavarelli\\Mati\\Desarrollo web\\Backend\\FinalProyect\\node_modules\\mongoose\\lib\\helpers\\promiseOrCallback.js:32:5\n    at new Promise (<anonymous>)\n    at promiseOrCallback (C:\\Users\\tecnopolis x14\\Desktop\\Matias Scavarelli\\Mati\\Desarrollo web\\Backend\\FinalProyect\\node_modules\\mongoose\\lib\\helpers\\promiseOrCallback.js:31:10)"}
{"level":"error","message":"Error: Invalid scheme, expected connection string to start with \"mongodb://\" or \"mongodb+srv://\"","stack":"MongoParseError: Invalid scheme, expected connection string to start with \"mongodb://\" or \"mongodb+srv://\"\n    at new ConnectionString (C:\\Users\\tecnopolis x14\\Desktop\\Matias Scavarelli\\Mati\\Desarrollo web\\Backend\\FinalProyect\\node_modules\\mongodb-connection-string-url\\lib\\index.js:86:19)\n    at parseOptions (C:\\Users\\tecnopolis x14\\Desktop\\Matias Scavarelli\\Mati\\Desarrollo web\\Backend\\FinalProyect\\node_modules\\mongoose\\node_modules\\mongodb\\lib\\connection_string.js:217:17)\n    at new MongoClient (C:\\Users\\tecnopolis x14\\Desktop\\Matias Scavarelli\\Mati\\Desarrollo web\\Backend\\FinalProyect\\node_modules\\mongoose\\node_modules\\mongodb\\lib\\mongo_client.js:62:63)\n    at C:\\Users\\tecnopolis x14\\Desktop\\Matias Scavarelli\\Mati\\Desarrollo web\\Backend\\FinalProyect\\node_modules\\mongoose\\lib\\connection.js:784:16\n    at new Promise (<anonymous>)\n    at NativeConnection.Connection.openUri (C:\\Users\\tecnopolis x14\\Desktop\\Matias Scavarelli\\Mati\\Desarrollo web\\Backend\\FinalProyect\\node_modules\\mongoose\\lib\\connection.js:781:19)\n    at C:\\Users\\tecnopolis x14\\Desktop\\Matias Scavarelli\\Mati\\Desarrollo web\\Backend\\FinalProyect\\node_modules\\mongoose\\lib\\index.js:342:10\n    at C:\\Users\\tecnopolis x14\\Desktop\\Matias Scavarelli\\Mati\\Desarrollo web\\Backend\\FinalProyect\\node_modules\\mongoose\\lib\\helpers\\promiseOrCallback.js:32:5\n    at new Promise (<anonymous>)\n    at promiseOrCallback (C:\\Users\\tecnopolis x14\\Desktop\\Matias Scavarelli\\Mati\\Desarrollo web\\Backend\\FinalProyect\\node_modules\\mongoose\\lib\\helpers\\promiseOrCallback.js:31:10)"}
{"level":"error","message":"Error: URI must include hostname, domain name, and tld","stack":"MongoAPIError: URI must include hostname, domain name, and tld\n    at resolveSRVRecord (C:\\Users\\tecnopolis x14\\Desktop\\Matias Scavarelli\\Mati\\Desarrollo web\\Backend\\FinalProyect\\node_modules\\mongoose\\node_modules\\mongodb\\lib\\connection_string.js:51:25)\n    at connect (C:\\Users\\tecnopolis x14\\Desktop\\Matias Scavarelli\\Mati\\Desarrollo web\\Backend\\FinalProyect\\node_modules\\mongoose\\node_modules\\mongodb\\lib\\operations\\connect.js:32:57)\n    at C:\\Users\\tecnopolis x14\\Desktop\\Matias Scavarelli\\Mati\\Desarrollo web\\Backend\\FinalProyect\\node_modules\\mongoose\\node_modules\\mongodb\\lib\\mongo_client.js:127:35\n    at maybePromise (C:\\Users\\tecnopolis x14\\Desktop\\Matias Scavarelli\\Mati\\Desarrollo web\\Backend\\FinalProyect\\node_modules\\mongoose\\node_modules\\mongodb\\lib\\utils.js:496:5)\n    at MongoClient.connect (C:\\Users\\tecnopolis x14\\Desktop\\Matias Scavarelli\\Mati\\Desarrollo web\\Backend\\FinalProyect\\node_modules\\mongoose\\node_modules\\mongodb\\lib\\mongo_client.js:126:41)\n    at C:\\Users\\tecnopolis x14\\Desktop\\Matias Scavarelli\\Mati\\Desarrollo web\\Backend\\FinalProyect\\node_modules\\mongoose\\lib\\connection.js:792:12\n    at new Promise (<anonymous>)\n    at NativeConnection.Connection.openUri (C:\\Users\\tecnopolis x14\\Desktop\\Matias Scavarelli\\Mati\\Desarrollo web\\Backend\\FinalProyect\\node_modules\\mongoose\\lib\\connection.js:781:19)\n    at C:\\Users\\tecnopolis x14\\Desktop\\Matias Scavarelli\\Mati\\Desarrollo web\\Backend\\FinalProyect\\node_modules\\mongoose\\lib\\index.js:342:10\n    at C:\\Users\\tecnopolis x14\\Desktop\\Matias Scavarelli\\Mati\\Desarrollo web\\Backend\\FinalProyect\\node_modules\\mongoose\\lib\\helpers\\promiseOrCallback.js:32:5"}
{"data":{"category":"teclados   ","description":"Innovadores en diseño y tecnología, Logitech se encarga de brindar la mejor experiencia de uso para sus usuarios. Sus teclados resaltan por ser resistentes y muy de buena calidad, por lo que podrás disfrutarlos por un largo tiempo.     ","id":"623a1651d7eb5cebf903399c","photo":"https://http2.mlstatic.com/D_NQ_NP_758918-MLA46869090083_072021-O.webp     ","price":4399,"stock":29,"timestamp":"30/3/2022 12:50:41","title":"Teclado bluetooth Logitech K380 QWERTY español color negro     "},"level":"warn","message":"Se modifico el producto"}
{"level":"error","message":"Error: ValidationError: price: Path `price` is required."}
{"level":"warn","message":"deleteById: ","response":{"acknowledged":true,"deletedCount":1}}
{"code":20003,"level":"error","moreInfo":"https://www.twilio.com/docs/errors/20003","status":401}
{"level":"error","message":"Error: ValidationError: price: Path `price` is required."}
{"level":"warn","message":"deleteById: ","response":{"acknowledged":true,"deletedCount":1}}
{"code":20003,"level":"error","moreInfo":"https://www.twilio.com/docs/errors/20003","status":401}
{"level":"warn","message":"deleteById: ","response":{"acknowledged":true,"deletedCount":1}}
{"code":20003,"level":"error","moreInfo":"https://www.twilio.com/docs/errors/20003","status":401}
{"level":"error","message":"Error: ReferenceError: agregarData is not defined"}
{"level":"error","message":"Error: ValidationError: message: Path `message` is required."}
{"level":"error","message":"Error: TypeError: messages.push is not a function"}
{"level":"error","message":"Error: TypeError: messages.push is not a function"}
{"level":"error","message":"Error: TypeError: this.getAll(...).filter is not a function"}
{"code":20003,"level":"error","moreInfo":"https://www.twilio.com/docs/errors/20003","status":401}
{"data":{"category":"oculus ","description":"Experimente nuestro sistema de realidad virtual todo en uno más avanzado hasta ahora con Oculus Quest 2. No se requiere PC ni consola. ","id":"60d78de9eba97e28c272","photo":"https://http2.mlstatic.com/D_NQ_NP_933966-MLA48643017315_122021-O.webp ","price":"1190","stock":"1","timestamp":"1/4/2022 11:19:43","title":"Oculus Quest 2 - Advance All In One Vr - 128gb "},"level":"warn","message":"Se modifico el producto"}
{"data":[{"category":"teclados","description":"Innovadores en diseño y tecnología, Logitech se encarga de brindar la mejor experiencia de uso para sus usuarios. Sus teclados resaltan por ser resistentes y muy de buena calidad, por lo que podrás disfrutarlos por un largo tiempo.  ","id":"fe421f101be95eabce1c","photo":"https://http2.mlstatic.com/D_NQ_NP_758918-MLA46869090083_072021-O.webp","price":4399,"stock":10,"timestamp":"23/3/2022 15:53:45","title":"Teclado bluetooth Logitech K380 QWERTY español color negro"},{"category":"teclados ","description":"TECLADO COMPLETO CNC SINUMERIK KB 483C, ANCHO 19 LLAVES MECANICAS INCL. CABLE DE 1,5 M SKU:6FC52030AF200AA1 ","id":"0b95ae7c0dbcf28c0e86","photo":"https://ar.wiautomation.com/168423-large_default/6FC52030AF200AA1.jpg","price":237265,"stock":19,"timestamp":"25/3/2022 12:03:27","title":"6FC5203-0AF20-0AA1 Siemens "},{"category":"teclados","description":"TECLADO MULTIMEDIA COMPACTO IQUAL KB502 USB EN ESPAÑOL KB502","id":"b538c7707a98cdf85f04","photo":"https://http2.mlstatic.com/D_NQ_NP_971168-MLA46416069196_062021-O.webp","price":379,"stock":48,"timestamp":"23/3/2022 9:57:03","title":"Teclado Multimedia Compacto Iqual Kb502 Pc Notebook Oficina"},{"category":"Monitores","description":"Monitor gamer 24 pulgadas","id":"b8e16e042c41f7db3d97","photo":"https://http2.mlstatic.com/D_NQ_NP_638132-MLA48799047543_012022-O.webp","price":23550,"stock":8,"timestamp":"25/3/2022 12:03:27","title":"Monitor Gamer 24 24p Led 1080p Full Hd Hdmi Daewoo Dw-mon24"},{"category":"monitores","description":"Presentamos la curva más atrevida jamás lograda. Este hito, nacido de años de innovación incesante, cambia la forma de la pantalla visual y es pionero en el futuro de la tecnología de monitores.","id":"bcaaf14074efb195883e","photo":"https://www.tradeinn.com/f/13816/138163335/samsung-monitor-c27t550fdr-27-full-hd-led-curvo-75hz.jpg","price":35793,"stock":8,"timestamp":"23/3/2022 10:00:32","title":"Samsung Monitor C27T550FDR 27\" Full HD LED Curvo 75Hz"},{"category":"monitores","description":"Monitor monocromatico 14\" fosforo blanco, de 1996 en muy buen estado. Incluye base pivotante y cable de power Le falta limpieza.","id":"20d0c5bb976641d6c2c8","photo":"https://http2.mlstatic.com/D_NQ_NP_948351-MLA47095355573_082021-O.webp","price":6900,"stock":0,"timestamp":"23/3/2022 10:02:03","title":"Monitor Monocromatico - Sunshine De 14 - Svga - Blanco"},{"category":"mouses","description":"Los mouses Logitech se adaptan a la forma de tu mano para proporcionarte horas de comodidad. Sin necesidad de mover el brazo para deslizar el cursor, tu mano se fatigará menos. Son ideales para cualquier espacio de trabajo y quienes tienen la mesa llena de diversos objetos.","id":"4d2c5cea670b12621d19","photo":"https://http2.mlstatic.com/D_NQ_NP_891822-MLA32146214292_092019-O.webp","price":1000,"stock":32,"timestamp":"23/3/2022 10:04:14","title":"Mouse inalámbrico Logitech M170 gris y negro"},{"category":"mouses","description":"Ahora puedes jugar con más rapidez y precisión con G502 LIGHTSPEED, dotado de conectividad inalámbrica superrápida de 1 ms. Un sensor HERO de próxima generación ofrece rendimiento de 16.000 dpi y eficiencia energética superiores, dándote hasta 60 horas de juego ininterrumpido.","id":"0ad76559fe1d1dd01725","photo":"https://http2.mlstatic.com/D_NQ_NP_943772-MLA40076329951_122019-O.webp","price":10491,"stock":21,"timestamp":"23/3/2022 10:05:13","title":"Mouse de juego inalámbrico recargable Logitech G Series Lightspeed G502 negro"},{"category":"mouses","description":"El Magic Mouse 2 es totalmente recargable para que no tengas que usar las baterías tradicionales. Es más liviano, tiene menos piezas gracias a la batería integrada y a su base uniforme, y la parte inferior ha sido optimizada, por eso se mueve por tu escritorio con mayor fluidez y menos resistencia. Además, la superficie Multi-Touch te permite hacer gestos sencillos para pasar de una página web a otra y desplazarte por documentos. El Magic Mouse 2 está listo para usarse desde el primer día y se conecta a tu Mac de forma automática.","id":"34f81995610884980acb","photo":"https://http2.mlstatic.com/D_NQ_NP_966523-MLA46403656594_062021-O.webp","price":15699,"stock":9,"timestamp":"23/3/2022 10:06:27","title":"Apple Magic Mouse 2 Plateado"}],"level":"warn","message":"Se ha eliminado el producto"}
{"level":"error","message":"Error:  lista is not defined","stack":"ReferenceError: lista is not defined\n    at CartDaoMemory.deleteById (file:///C:/Users/tecnopolis%20x14/Desktop/Matias%20Scavarelli/Mati/Desarrollo%20web/Backend/FinalProyect/src/containers/MemoryContainer.js:48:35)\n    at mekeTicket (file:///C:/Users/tecnopolis%20x14/Desktop/Matias%20Scavarelli/Mati/Desarrollo%20web/Backend/FinalProyect/src/controllers/cart.js:204:18)"}
{"code":20003,"level":"error","moreInfo":"https://www.twilio.com/docs/errors/20003","status":401}
{"level":"error","message":"Error:  lista is not defined","stack":"ReferenceError: lista is not defined\n    at CartDaoMemory.deleteById (file:///C:/Users/tecnopolis%20x14/Desktop/Matias%20Scavarelli/Mati/Desarrollo%20web/Backend/FinalProyect/src/containers/MemoryContainer.js:48:35)\n    at mekeTicket (file:///C:/Users/tecnopolis%20x14/Desktop/Matias%20Scavarelli/Mati/Desarrollo%20web/Backend/FinalProyect/src/controllers/cart.js:204:18)"}
{"code":20003,"level":"error","moreInfo":"https://www.twilio.com/docs/errors/20003","status":401}
{"level":"error","message":"Error:  Cannot read property 'push' of undefined","stack":"TypeError: Cannot read property 'push' of undefined\n    at UserDaoMemory.closeCart (file:///C:/Users/tecnopolis%20x14/Desktop/Matias%20Scavarelli/Mati/Desarrollo%20web/Backend/FinalProyect/src/containers/MemoryContainer.js:144:25)\n    at async mekeTicket (file:///C:/Users/tecnopolis%20x14/Desktop/Matias%20Scavarelli/Mati/Desarrollo%20web/Backend/FinalProyect/src/controllers/cart.js:205:3)"}
{"code":20003,"level":"error","moreInfo":"https://www.twilio.com/docs/errors/20003","status":401}
{"level":"error","message":"Error:  Cannot read property 'push' of undefined","stack":"TypeError: Cannot read property 'push' of undefined\n    at UserDaoMemory.closeCart (file:///C:/Users/tecnopolis%20x14/Desktop/Matias%20Scavarelli/Mati/Desarrollo%20web/Backend/FinalProyect/src/containers/MemoryContainer.js:144:26)\n    at async mekeTicket (file:///C:/Users/tecnopolis%20x14/Desktop/Matias%20Scavarelli/Mati/Desarrollo%20web/Backend/FinalProyect/src/controllers/cart.js:205:3)"}
{"code":20003,"level":"error","moreInfo":"https://www.twilio.com/docs/errors/20003","status":401}
{"level":"error","message":"Error:  date is not defined","stack":"ReferenceError: date is not defined\n    at UserDaoMemory.createUser (file:///C:/Users/tecnopolis%20x14/Desktop/Matias%20Scavarelli/Mati/Desarrollo%20web/Backend/FinalProyect/src/containers/MemoryContainer.js:233:69)\n    at Strategy.signupPassportUser [as _verify] (file:///C:/Users/tecnopolis%20x14/Desktop/Matias%20Scavarelli/Mati/Desarrollo%20web/Backend/FinalProyect/src/controllers/user.js:159:33)"}
{"code":20003,"level":"error","moreInfo":"https://www.twilio.com/docs/errors/20003","status":401}
{"data":{"category":"teclados ","description":"TECLADO COMPLETO CNC SINUMERIK KB 483C, ANCHO 19 LLAVES MECANICAS INCL. CABLE DE 1,5 M SKU:6FC52030AF200AA1  ","id":"0b95ae7c0dbcf28c0e86","photo":"https://ar.wiautomation.com/168423-large_default/6FC52030AF200AA1.jpg  ","price":"237265","stock":"10","timestamp":"25/3/2022 12:03:27","title":"6FC5203-0AF20-0AA1 Siemens  "},"level":"warn","message":"Se modifico el producto"}
{"data":[{"category":"teclados","description":"Innovadores en diseño y tecnología, Logitech se encarga de brindar la mejor experiencia de uso para sus usuarios. Sus teclados resaltan por ser resistentes y muy de buena calidad, por lo que podrás disfrutarlos por un largo tiempo.  ","id":"fe421f101be95eabce1c","photo":"https://http2.mlstatic.com/D_NQ_NP_758918-MLA46869090083_072021-O.webp  ","price":4399,"stock":24,"timestamp":"23/3/2022 15:53:45","title":"Teclado bluetooth Logitech K380 QWERTY español color negro  "},{"category":"teclados ","description":"TECLADO COMPLETO CNC SINUMERIK KB 483C, ANCHO 19 LLAVES MECANICAS INCL. CABLE DE 1,5 M SKU:6FC52030AF200AA1  ","id":"0b95ae7c0dbcf28c0e86","photo":"https://ar.wiautomation.com/168423-large_default/6FC52030AF200AA1.jpg  ","price":"237265","stock":"10","timestamp":"25/3/2022 12:03:27","title":"6FC5203-0AF20-0AA1 Siemens  "},{"category":"teclados","description":"TECLADO MULTIMEDIA COMPACTO IQUAL KB502 USB EN ESPAÑOL KB502","id":"b538c7707a98cdf85f04","photo":"https://http2.mlstatic.com/D_NQ_NP_971168-MLA46416069196_062021-O.webp","price":379,"stock":52,"timestamp":"23/3/2022 9:57:03","title":"Teclado Multimedia Compacto Iqual Kb502 Pc Notebook Oficina"},{"category":"monitores","description":"Monitor gamer 24 pulgadas","id":"b8e16e042c41f7db3d97","photo":"https://http2.mlstatic.com/D_NQ_NP_638132-MLA48799047543_012022-O.webp","price":23550,"stock":2,"timestamp":"25/3/2022 12:03:27","title":"Monitor Gamer 24 24p Led 1080p Full Hd Hdmi Daewoo Dw-mon24"},{"category":"monitores","description":"Presentamos la curva más atrevida jamás lograda. Este hito, nacido de años de innovación incesante, cambia la forma de la pantalla visual y es pionero en el futuro de la tecnología de monitores.","id":"bcaaf14074efb195883e","photo":"https://www.tradeinn.com/f/13816/138163335/samsung-monitor-c27t550fdr-27-full-hd-led-curvo-75hz.jpg","price":35793,"stock":8,"timestamp":"23/3/2022 10:00:32","title":"Samsung Monitor C27T550FDR 27´´ Full HD LED Curvo 75Hz"},{"category":"monitores","description":" Monitor monocromatico 14\" fosforo blanco, de 1996 en muy buen estado. Incluye base pivotante y cable de power Le falta limpieza.","id":"20d0c5bb976641d6c2c8","photo":"https://http2.mlstatic.com/D_NQ_NP_948351-MLA47095355573_082021-O.webp","price":6900,"stock":1,"timestamp":"23/3/2022 10:02:03","title":"Monitor Monocromatico - Sunshine De 14 - Svga - Blanco"},{"category":"mouses","description":"Los mouses Logitech se adaptan a la forma de tu mano para proporcionarte horas de comodidad. Sin necesidad de mover el brazo para deslizar el cursor, tu mano se fatigará menos. Son ideales para cualquier espacio de trabajo y quienes tienen la mesa llena de diversos objetos.","id":"4d2c5cea670b12621d19","photo":"https://http2.mlstatic.com/D_NQ_NP_891822-MLA32146214292_092019-O.webp","price":1000,"stock":32,"timestamp":"23/3/2022 10:04:14","title":"Mouse inalámbrico Logitech M170 gris y negro"},{"category":"mouses","description":"Ahora puedes jugar con más rapidez y precisión con G502 LIGHTSPEED, dotado de conectividad inalámbrica superrápida de 1 ms. Un sensor HERO de próxima generación ofrece rendimiento de 16.000 dpi y eficiencia energética superiores, dándote hasta 60 horas de juego ininterrumpido.","id":"0ad76559fe1d1dd01725","photo":"https://http2.mlstatic.com/D_NQ_NP_943772-MLA40076329951_122019-O.webp","price":10491,"stock":21,"timestamp":"23/3/2022 10:05:13","title":"Mouse de juego inalámbrico recargable Logitech G Series Lightspeed G502 negro"},{"category":"mouses","description":"El Magic Mouse 2 es totalmente recargable para que no tengas que usar las baterías tradicionales. Es más liviano, tiene menos piezas gracias a la batería integrada y a su base uniforme, y la parte inferior ha sido optimizada, por eso se mueve por tu escritorio con mayor fluidez y menos resistencia. Además, la superficie Multi-Touch te permite hacer gestos sencillos para pasar de una página web a otra y desplazarte por documentos. El Magic Mouse 2 está listo para usarse desde el primer día y se conecta a tu Mac de forma automática.","id":"34f81995610884980acb","photo":"https://http2.mlstatic.com/D_NQ_NP_966523-MLA46403656594_062021-O.webp","price":15699,"stock":9,"timestamp":"23/3/2022 10:06:27","title":"Apple Magic Mouse 2 Plateado"}],"level":"warn","message":"Se ha eliminado el producto"}
{"code":20003,"level":"error","moreInfo":"https://www.twilio.com/docs/errors/20003","status":401}
{"level":"warn","message":"deleteById: ","response":{"acknowledged":true,"deletedCount":1}}
{"data":[{"category":"teclados   ","description":"Innovadores en diseño y tecnología, Logitech se encarga de brindar la mejor experiencia de uso para sus usuarios. Sus teclados resaltan por ser resistentes y muy de buena calidad, por lo que podrás disfrutarlos por un largo tiempo.     ","id":"623a1651d7eb5cebf903399c","photo":"https://http2.mlstatic.com/D_NQ_NP_758918-MLA46869090083_072021-O.webp     ","price":4399,"stock":26,"timestamp":"30/3/2022 12:59:29","title":"Teclado bluetooth Logitech K380 QWERTY español color negro     "},{"category":"teclados ","description":"TECLADO COMPLETO CNC SINUMERIK KB 483C, ANCHO 19 LLAVES MECANICAS INCL. CABLE DE 1,5 M SKU:6FC52030AF200AA1 ","id":"623b18e0a89d62c731566901","photo":"https://ar.wiautomation.com/168423-large_default/6FC52030AF200AA1.jpg ","price":237265,"stock":4,"timestamp":"30/3/2022 12:58:02","title":"6FC5203-0AF20-0AA1 Siemens "},{"category":"teclados","description":"TECLADO MULTIMEDIA COMPACTO IQUAL KB502 USB EN ESPAÑOL KB502","id":"623b191fa89d62c731566908","photo":"https://http2.mlstatic.com/D_NQ_NP_971168-MLA46416069196_062021-O.webp","price":379,"stock":48,"timestamp":"30/3/2022 12:59:29","title":"Teclado Multimedia Compacto Iqual Kb502 Pc Notebook Oficina"},{"category":"Monitores","description":"Monitor gamer 24 pulgadas","id":"623b19a3a89d62c73156690f","photo":"https://http2.mlstatic.com/D_NQ_NP_638132-MLA48799047543_012022-O.webp","price":23550,"stock":2,"timestamp":"25/3/2022 12:03:27","title":"Monitor Gamer 24 24p Led 1080p Full Hd Hdmi Daewoo Dw-mon24"},{"category":"monitores","description":"Presentamos la curva más atrevida jamás lograda. Este hito, nacido de años de innovación incesante, cambia la forma de la pantalla visual y es pionero en el futuro de la tecnología de monitores.","id":"623b19f0a89d62c731566916","photo":"https://www.tradeinn.com/f/13816/138163335/samsung-monitor-c27t550fdr-27-full-hd-led-curvo-75hz.jpg","price":35793,"stock":8,"timestamp":"23/3/2022 10:00:32","title":"Samsung Monitor C27T550FDR 27´´ Full HD LED Curvo 75Hz"},{"category":"monitores","description":" Monitor monocromatico 14\" fosforo blanco, de 1996 en muy buen estado. Incluye base pivotante y cable de power Le falta limpieza.","id":"623b1a4ba89d62c73156691d","photo":"https://http2.mlstatic.com/D_NQ_NP_948351-MLA47095355573_082021-O.webp","price":6900,"stock":1,"timestamp":"23/3/2022 10:02:03","title":"Monitor Monocromatico - Sunshine De 14 - Svga - Blanco"},{"category":"mouses","description":"Los mouses Logitech se adaptan a la forma de tu mano para proporcionarte horas de comodidad. Sin necesidad de mover el brazo para deslizar el cursor, tu mano se fatigará menos. Son ideales para cualquier espacio de trabajo y quienes tienen la mesa llena de diversos objetos.","id":"623b1acea89d62c731566924","photo":"https://http2.mlstatic.com/D_NQ_NP_891822-MLA32146214292_092019-O.webp","price":1000,"stock":28,"timestamp":"30/3/2022 12:58:03","title":"Mouse inalámbrico Logitech M170 gris y negro"},{"category":"mouses","description":"Ahora puedes jugar con más rapidez y precisión con G502 LIGHTSPEED, dotado de conectividad inalámbrica superrápida de 1 ms. Un sensor HERO de próxima generación ofrece rendimiento de 16.000 dpi y eficiencia energética superiores, dándote hasta 60 horas de juego ininterrumpido.","id":"623b1b09a89d62c73156692b","photo":"https://http2.mlstatic.com/D_NQ_NP_943772-MLA40076329951_122019-O.webp","price":10491,"stock":21,"timestamp":"23/3/2022 10:05:13","title":"Mouse de juego inalámbrico recargable Logitech G Series Lightspeed G502 negro"},{"category":"mouses","description":"El Magic Mouse 2 es totalmente recargable para que no tengas que usar las baterías tradicionales. Es más liviano, tiene menos piezas gracias a la batería integrada y a su base uniforme, y la parte inferior ha sido optimizada, por eso se mueve por tu escritorio con mayor fluidez y menos resistencia. Además, la superficie Multi-Touch te permite hacer gestos sencillos para pasar de una página web a otra y desplazarte por documentos. El Magic Mouse 2 está listo para usarse desde el primer día y se conecta a tu Mac de forma automática.","id":"623b1b53a89d62c731566932","photo":"https://http2.mlstatic.com/D_NQ_NP_966523-MLA46403656594_062021-O.webp","price":15699,"stock":9,"timestamp":"23/3/2022 10:06:27","title":"Apple Magic Mouse 2 Plateado"}],"level":"warn","message":"Se ha eliminado el producto"}
{"data":{"category":"teclados  ","description":"TECLADO COMPLETO CNC SINUMERIK KB 483C, ANCHO 19 LLAVES MECANICAS INCL. CABLE DE 1,5 M SKU:6FC52030AF200AA1  ","id":"623b18e0a89d62c731566901","photo":"https://ar.wiautomation.com/168423-large_default/6FC52030AF200AA1.jpg  ","price":237265,"stock":8,"timestamp":"1/4/2022 12:21:04","title":"6FC5203-0AF20-0AA1 Siemens  "},"level":"warn","message":"Se modifico el producto"}
{"level":"warn","message":"deleteById: ","response":{"acknowledged":true,"deletedCount":1}}
{"code":20003,"level":"error","moreInfo":"https://www.twilio.com/docs/errors/20003","status":401}
{"data":{"category":"Monitores ","description":"Monitor gamer 24 pulgadas ","id":"623b19a3a89d62c73156690f","photo":"https://http2.mlstatic.com/D_NQ_NP_638132-MLA48799047543_012022-O.webp ","price":23550,"stock":15,"timestamp":"1/4/2022 12:21:58","title":"Monitor Gamer 24 24p Led 1080p Full Hd Hdmi Daewoo Dw-mon24 "},"level":"warn","message":"Se modifico el producto"}
